{"D:\\REPOS\\Thiago\\API_NODEJS\\app\\config\\database\\postgresql-config.ts": {"path":"D:\\REPOS\\Thiago\\API_NODEJS\\app\\config\\database\\postgresql-config.ts","statementMap":{"0":{"start":{"line":1,"column":0},"end":{"line":1,"column":38}},"1":{"start":{"line":2,"column":0},"end":{"line":2,"column":57}},"2":{"start":{"line":4,"column":34},"end":{"line":11,"column":2}},"3":{"start":{"line":13,"column":9},"end":{"line":13,"column":34}}},"fnMap":{},"branchMap":{},"s":{"0":3,"1":3,"2":3,"3":3},"f":{},"b":{}}
,"D:\\REPOS\\Thiago\\API_NODEJS\\app\\config\\database\\table-names.enum.ts": {"path":"D:\\REPOS\\Thiago\\API_NODEJS\\app\\config\\database\\table-names.enum.ts","statementMap":{"0":{"start":{"line":1,"column":0},"end":{"line":1,"column":null}},"1":{"start":{"line":2,"column":2},"end":{"line":2,"column":null}},"2":{"start":{"line":3,"column":2},"end":{"line":3,"column":null}},"3":{"start":{"line":4,"column":2},"end":{"line":4,"column":null}}},"fnMap":{"0":{"name":"(anonymous_0)","decl":{"start":{"line":1,"column":0},"end":{"line":1,"column":12}},"loc":{"start":{"line":1,"column":22},"end":{"line":5,"column":1}}}},"branchMap":{"0":{"loc":{"start":{"line":1,"column":12},"end":{"line":1,"column":null}},"type":"binary-expr","locations":[{"start":{"line":1,"column":12},"end":{"line":1,"column":22}},{"start":{"line":1,"column":22},"end":{"line":1,"column":null}}]}},"s":{"0":3,"1":3,"2":3,"3":3},"f":{"0":3},"b":{"0":[3,3]}}
,"D:\\REPOS\\Thiago\\API_NODEJS\\app\\config\\environment\\environment.ts": {"path":"D:\\REPOS\\Thiago\\API_NODEJS\\app\\config\\environment\\environment.ts","statementMap":{"0":{"start":{"line":1,"column":0},"end":{"line":1,"column":28}},"1":{"start":{"line":2,"column":0},"end":{"line":2,"column":35}},"2":{"start":{"line":4,"column":0},"end":{"line":4,"column":16}},"3":{"start":{"line":6,"column":20},"end":{"line":13,"column":2}},"4":{"start":{"line":15,"column":9},"end":{"line":15,"column":20}}},"fnMap":{},"branchMap":{"0":{"loc":{"start":{"line":7,"column":17},"end":{"line":7,"column":38}},"type":"binary-expr","locations":[{"start":{"line":7,"column":17},"end":{"line":7,"column":28}},{"start":{"line":7,"column":32},"end":{"line":7,"column":38}}]},"1":{"loc":{"start":{"line":8,"column":11},"end":{"line":8,"column":37}},"type":"binary-expr","locations":[{"start":{"line":8,"column":11},"end":{"line":8,"column":22}},{"start":{"line":8,"column":26},"end":{"line":8,"column":37}}]},"2":{"loc":{"start":{"line":9,"column":20},"end":{"line":9,"column":41}},"type":"binary-expr","locations":[{"start":{"line":9,"column":20},"end":{"line":9,"column":31}},{"start":{"line":9,"column":35},"end":{"line":9,"column":41}}]}},"s":{"0":3,"1":3,"2":3,"3":3,"4":3},"f":{},"b":{"0":[3,0],"1":[3,0],"2":[3,0]}}
,"D:\\REPOS\\Thiago\\API_NODEJS\\app\\controller\\crop.controller.ts": {"path":"D:\\REPOS\\Thiago\\API_NODEJS\\app\\controller\\crop.controller.ts","statementMap":{"0":{"start":{"line":2,"column":0},"end":{"line":2,"column":null}},"1":{"start":{"line":13,"column":0},"end":{"line":13,"column":46}},"2":{"start":{"line":15,"column":0},"end":{"line":15,"column":43}},"3":{"start":{"line":16,"column":0},"end":{"line":16,"column":65}},"4":{"start":{"line":20,"column":27},"end":{"line":96,"column":null}},"5":{"start":{"line":23,"column":21},"end":{"line":23,"column":37}},"6":{"start":{"line":28,"column":4},"end":{"line":35,"column":null}},"7":{"start":{"line":29,"column":28},"end":{"line":29,"column":68}},"8":{"start":{"line":30,"column":6},"end":{"line":30,"column":42}},"9":{"start":{"line":32,"column":6},"end":{"line":34,"column":9}},"10":{"start":{"line":40,"column":4},"end":{"line":45,"column":null}},"11":{"start":{"line":41,"column":23},"end":{"line":41,"column":66}},"12":{"start":{"line":42,"column":6},"end":{"line":42,"column":37}},"13":{"start":{"line":44,"column":6},"end":{"line":44,"column":63}},"14":{"start":{"line":50,"column":4},"end":{"line":57,"column":null}},"15":{"start":{"line":51,"column":19},"end":{"line":51,"column":29}},"16":{"start":{"line":52,"column":6},"end":{"line":52,"column":30}},"17":{"start":{"line":53,"column":23},"end":{"line":53,"column":63}},"18":{"start":{"line":54,"column":6},"end":{"line":54,"column":37}},"19":{"start":{"line":56,"column":6},"end":{"line":56,"column":62}},"20":{"start":{"line":65,"column":25},"end":{"line":65,"column":29}},"21":{"start":{"line":66,"column":4},"end":{"line":80,"column":null}},"22":{"start":{"line":67,"column":37},"end":{"line":69,"column":8}},"23":{"start":{"line":71,"column":26},"end":{"line":71,"column":71}},"24":{"start":{"line":73,"column":6},"end":{"line":77,"column":null}},"25":{"start":{"line":74,"column":8},"end":{"line":74,"column":42}},"26":{"start":{"line":76,"column":8},"end":{"line":76,"column":62}},"27":{"start":{"line":79,"column":6},"end":{"line":79,"column":65}},"28":{"start":{"line":88,"column":4},"end":{"line":94,"column":null}},"29":{"start":{"line":89,"column":21},"end":{"line":89,"column":25}},"30":{"start":{"line":90,"column":6},"end":{"line":90,"column":43}},"31":{"start":{"line":91,"column":6},"end":{"line":91,"column":28}},"32":{"start":{"line":93,"column":6},"end":{"line":93,"column":65}},"33":{"start":{"line":27,"column":15},"end":{"line":36,"column":null}},"34":{"start":{"line":39,"column":15},"end":{"line":46,"column":null}},"35":{"start":{"line":49,"column":15},"end":{"line":58,"column":null}},"36":{"start":{"line":61,"column":15},"end":{"line":81,"column":null}},"37":{"start":{"line":84,"column":15},"end":{"line":95,"column":null}},"38":{"start":{"line":20,"column":13},"end":{"line":96,"column":null}}},"fnMap":{"0":{"name":"(anonymous_4)","decl":{"start":{"line":21,"column":2},"end":{"line":21,"column":null}},"loc":{"start":{"line":23,"column":51},"end":{"line":24,"column":6}}},"1":{"name":"(anonymous_5)","decl":{"start":{"line":27,"column":9},"end":{"line":27,"column":14}},"loc":{"start":{"line":27,"column":63},"end":{"line":36,"column":3}}},"2":{"name":"(anonymous_6)","decl":{"start":{"line":39,"column":9},"end":{"line":39,"column":14}},"loc":{"start":{"line":39,"column":68},"end":{"line":46,"column":3}}},"3":{"name":"(anonymous_7)","decl":{"start":{"line":49,"column":9},"end":{"line":49,"column":14}},"loc":{"start":{"line":49,"column":63},"end":{"line":58,"column":3}}},"4":{"name":"(anonymous_8)","decl":{"start":{"line":61,"column":9},"end":{"line":61,"column":14}},"loc":{"start":{"line":63,"column":23},"end":{"line":81,"column":3}}},"5":{"name":"(anonymous_9)","decl":{"start":{"line":84,"column":9},"end":{"line":84,"column":14}},"loc":{"start":{"line":86,"column":23},"end":{"line":95,"column":3}}}},"branchMap":{"0":{"loc":{"start":{"line":73,"column":6},"end":{"line":77,"column":null}},"type":"if","locations":[{"start":{"line":73,"column":6},"end":{"line":77,"column":null}},{"start":{"line":75,"column":13},"end":{"line":77,"column":null}}]}},"s":{"0":1,"1":1,"2":1,"3":1,"4":1,"5":11,"6":2,"7":2,"8":1,"9":1,"10":2,"11":2,"12":1,"13":1,"14":2,"15":2,"16":2,"17":2,"18":1,"19":1,"20":3,"21":3,"22":3,"23":3,"24":2,"25":1,"26":1,"27":1,"28":2,"29":2,"30":2,"31":1,"32":2,"33":1,"34":1,"35":1,"36":1,"37":1,"38":1},"f":{"0":11,"1":2,"2":2,"3":2,"4":3,"5":2},"b":{"0":[1,1]}}
,"D:\\REPOS\\Thiago\\API_NODEJS\\app\\controller\\dashboard.controller.ts": {"path":"D:\\REPOS\\Thiago\\API_NODEJS\\app\\controller\\dashboard.controller.ts","statementMap":{"0":{"start":{"line":2,"column":0},"end":{"line":2,"column":59}},"1":{"start":{"line":3,"column":0},"end":{"line":3,"column":46}},"2":{"start":{"line":4,"column":0},"end":{"line":4,"column":65}},"3":{"start":{"line":5,"column":0},"end":{"line":5,"column":65}},"4":{"start":{"line":9,"column":32},"end":{"line":62,"column":null}},"5":{"start":{"line":12,"column":21},"end":{"line":12,"column":37}},"6":{"start":{"line":13,"column":45},"end":{"line":13,"column":61}},"7":{"start":{"line":18,"column":4},"end":{"line":27,"column":null}},"8":{"start":{"line":19,"column":20},"end":{"line":19,"column":61}},"9":{"start":{"line":20,"column":6},"end":{"line":22,"column":9}},"10":{"start":{"line":24,"column":6},"end":{"line":26,"column":9}},"11":{"start":{"line":32,"column":4},"end":{"line":40,"column":null}},"12":{"start":{"line":33,"column":24},"end":{"line":33,"column":74}},"13":{"start":{"line":34,"column":6},"end":{"line":37,"column":9}},"14":{"start":{"line":39,"column":6},"end":{"line":39,"column":69}},"15":{"start":{"line":45,"column":4},"end":{"line":50,"column":null}},"16":{"start":{"line":46,"column":27},"end":{"line":46,"column":75}},"17":{"start":{"line":47,"column":6},"end":{"line":47,"column":41}},"18":{"start":{"line":49,"column":6},"end":{"line":49,"column":62}},"19":{"start":{"line":55,"column":4},"end":{"line":60,"column":null}},"20":{"start":{"line":56,"column":27},"end":{"line":56,"column":74}},"21":{"start":{"line":57,"column":6},"end":{"line":57,"column":41}},"22":{"start":{"line":59,"column":6},"end":{"line":59,"column":61}},"23":{"start":{"line":17,"column":15},"end":{"line":28,"column":null}},"24":{"start":{"line":31,"column":15},"end":{"line":41,"column":null}},"25":{"start":{"line":44,"column":15},"end":{"line":51,"column":null}},"26":{"start":{"line":54,"column":15},"end":{"line":61,"column":null}},"27":{"start":{"line":9,"column":13},"end":{"line":62,"column":null}}},"fnMap":{"0":{"name":"(anonymous_4)","decl":{"start":{"line":10,"column":2},"end":{"line":10,"column":null}},"loc":{"start":{"line":13,"column":75},"end":{"line":14,"column":6}}},"1":{"name":"(anonymous_5)","decl":{"start":{"line":17,"column":9},"end":{"line":17,"column":14}},"loc":{"start":{"line":17,"column":49},"end":{"line":28,"column":3}}},"2":{"name":"(anonymous_6)","decl":{"start":{"line":31,"column":9},"end":{"line":31,"column":14}},"loc":{"start":{"line":31,"column":58},"end":{"line":41,"column":3}}},"3":{"name":"(anonymous_7)","decl":{"start":{"line":44,"column":9},"end":{"line":44,"column":14}},"loc":{"start":{"line":44,"column":56},"end":{"line":51,"column":3}}},"4":{"name":"(anonymous_8)","decl":{"start":{"line":54,"column":9},"end":{"line":54,"column":14}},"loc":{"start":{"line":54,"column":55},"end":{"line":61,"column":3}}}},"branchMap":{},"s":{"0":1,"1":1,"2":1,"3":1,"4":1,"5":8,"6":8,"7":2,"8":2,"9":1,"10":1,"11":2,"12":2,"13":1,"14":1,"15":2,"16":2,"17":1,"18":1,"19":2,"20":2,"21":1,"22":1,"23":1,"24":1,"25":1,"26":1,"27":1},"f":{"0":8,"1":2,"2":2,"3":2,"4":2},"b":{}}
,"D:\\REPOS\\Thiago\\API_NODEJS\\app\\controller\\farm.controller.ts": {"path":"D:\\REPOS\\Thiago\\API_NODEJS\\app\\controller\\farm.controller.ts","statementMap":{"0":{"start":{"line":2,"column":0},"end":{"line":2,"column":null}},"1":{"start":{"line":12,"column":0},"end":{"line":12,"column":38}},"2":{"start":{"line":14,"column":0},"end":{"line":14,"column":43}},"3":{"start":{"line":16,"column":0},"end":{"line":16,"column":74}},"4":{"start":{"line":17,"column":0},"end":{"line":17,"column":65}},"5":{"start":{"line":21,"column":27},"end":{"line":121,"column":null}},"6":{"start":{"line":23,"column":21},"end":{"line":23,"column":37}},"7":{"start":{"line":24,"column":21},"end":{"line":24,"column":41}},"8":{"start":{"line":29,"column":4},"end":{"line":37,"column":null}},"9":{"start":{"line":30,"column":20},"end":{"line":30,"column":60}},"10":{"start":{"line":31,"column":6},"end":{"line":31,"column":34}},"11":{"start":{"line":33,"column":6},"end":{"line":36,"column":9}},"12":{"start":{"line":42,"column":4},"end":{"line":50,"column":null}},"13":{"start":{"line":43,"column":19},"end":{"line":43,"column":62}},"14":{"start":{"line":44,"column":6},"end":{"line":44,"column":33}},"15":{"start":{"line":46,"column":6},"end":{"line":49,"column":9}},"16":{"start":{"line":55,"column":4},"end":{"line":82,"column":null}},"17":{"start":{"line":56,"column":36},"end":{"line":56,"column":40}},"18":{"start":{"line":57,"column":19},"end":{"line":57,"column":57}},"19":{"start":{"line":58,"column":6},"end":{"line":76,"column":null}},"20":{"start":{"line":59,"column":8},"end":{"line":75,"column":11}},"21":{"start":{"line":60,"column":10},"end":{"line":68,"column":13}},"22":{"start":{"line":61,"column":25},"end":{"line":61,"column":48}},"23":{"start":{"line":62,"column":12},"end":{"line":67,"column":null}},"24":{"start":{"line":63,"column":31},"end":{"line":66,"column":16}},"25":{"start":{"line":69,"column":10},"end":{"line":69,"column":20}},"26":{"start":{"line":71,"column":32},"end":{"line":72,"column":null}},"27":{"start":{"line":74,"column":10},"end":{"line":74,"column":46}},"28":{"start":{"line":78,"column":6},"end":{"line":81,"column":9}},"29":{"start":{"line":90,"column":19},"end":{"line":90,"column":23}},"30":{"start":{"line":91,"column":4},"end":{"line":105,"column":null}},"31":{"start":{"line":92,"column":37},"end":{"line":92,"column":41}},"32":{"start":{"line":94,"column":26},"end":{"line":94,"column":71}},"33":{"start":{"line":96,"column":6},"end":{"line":100,"column":null}},"34":{"start":{"line":97,"column":8},"end":{"line":97,"column":42}},"35":{"start":{"line":99,"column":8},"end":{"line":99,"column":62}},"36":{"start":{"line":102,"column":6},"end":{"line":104,"column":9}},"37":{"start":{"line":113,"column":4},"end":{"line":119,"column":null}},"38":{"start":{"line":114,"column":21},"end":{"line":114,"column":25}},"39":{"start":{"line":115,"column":6},"end":{"line":115,"column":43}},"40":{"start":{"line":116,"column":6},"end":{"line":116,"column":28}},"41":{"start":{"line":118,"column":6},"end":{"line":118,"column":65}},"42":{"start":{"line":28,"column":15},"end":{"line":38,"column":null}},"43":{"start":{"line":41,"column":15},"end":{"line":51,"column":null}},"44":{"start":{"line":54,"column":15},"end":{"line":83,"column":null}},"45":{"start":{"line":86,"column":15},"end":{"line":106,"column":null}},"46":{"start":{"line":109,"column":15},"end":{"line":120,"column":null}},"47":{"start":{"line":21,"column":13},"end":{"line":121,"column":null}}},"fnMap":{"0":{"name":"(anonymous_4)","decl":{"start":{"line":22,"column":2},"end":{"line":22,"column":null}},"loc":{"start":{"line":24,"column":59},"end":{"line":25,"column":6}}},"1":{"name":"(anonymous_5)","decl":{"start":{"line":28,"column":9},"end":{"line":28,"column":14}},"loc":{"start":{"line":28,"column":42},"end":{"line":38,"column":3}}},"2":{"name":"(anonymous_6)","decl":{"start":{"line":41,"column":9},"end":{"line":41,"column":14}},"loc":{"start":{"line":41,"column":68},"end":{"line":51,"column":3}}},"3":{"name":"(anonymous_7)","decl":{"start":{"line":54,"column":9},"end":{"line":54,"column":14}},"loc":{"start":{"line":54,"column":65},"end":{"line":83,"column":3}}},"4":{"name":"(anonymous_8)","decl":{"start":{"line":59,"column":33},"end":{"line":59,"column":34}},"loc":{"start":{"line":59,"column":53},"end":{"line":70,"column":9}}},"5":{"name":"(anonymous_9)","decl":{"start":{"line":60,"column":23},"end":{"line":60,"column":28}},"loc":{"start":{"line":60,"column":36},"end":{"line":68,"column":11}}},"6":{"name":"(anonymous_10)","decl":{"start":{"line":70,"column":16},"end":{"line":70,"column":21}},"loc":{"start":{"line":70,"column":27},"end":{"line":75,"column":9}}},"7":{"name":"(anonymous_11)","decl":{"start":{"line":86,"column":9},"end":{"line":86,"column":14}},"loc":{"start":{"line":88,"column":23},"end":{"line":106,"column":3}}},"8":{"name":"(anonymous_12)","decl":{"start":{"line":109,"column":9},"end":{"line":109,"column":14}},"loc":{"start":{"line":111,"column":23},"end":{"line":120,"column":3}}}},"branchMap":{"0":{"loc":{"start":{"line":58,"column":6},"end":{"line":76,"column":null}},"type":"if","locations":[{"start":{"line":58,"column":6},"end":{"line":76,"column":null}}]},"1":{"loc":{"start":{"line":58,"column":10},"end":{"line":58,"column":41}},"type":"binary-expr","locations":[{"start":{"line":58,"column":10},"end":{"line":58,"column":18}},{"start":{"line":58,"column":22},"end":{"line":58,"column":41}}]},"2":{"loc":{"start":{"line":62,"column":12},"end":{"line":67,"column":null}},"type":"if","locations":[{"start":{"line":62,"column":12},"end":{"line":67,"column":null}}]},"3":{"loc":{"start":{"line":96,"column":6},"end":{"line":100,"column":null}},"type":"if","locations":[{"start":{"line":96,"column":6},"end":{"line":100,"column":null}},{"start":{"line":98,"column":13},"end":{"line":100,"column":null}}]}},"s":{"0":1,"1":1,"2":1,"3":1,"4":1,"5":1,"6":11,"7":11,"8":2,"9":2,"10":1,"11":1,"12":2,"13":2,"14":1,"15":1,"16":2,"17":2,"18":2,"19":1,"20":1,"21":1,"22":1,"23":1,"24":1,"25":1,"26":1,"27":1,"28":1,"29":3,"30":3,"31":3,"32":3,"33":2,"34":1,"35":1,"36":1,"37":2,"38":2,"39":2,"40":1,"41":2,"42":1,"43":1,"44":1,"45":1,"46":1,"47":1},"f":{"0":11,"1":2,"2":2,"3":2,"4":1,"5":1,"6":1,"7":3,"8":2},"b":{"0":[1],"1":[1,1],"2":[1],"3":[1,1]}}
,"D:\\REPOS\\Thiago\\API_NODEJS\\app\\model\\crop.model.ts": {"path":"D:\\REPOS\\Thiago\\API_NODEJS\\app\\model\\crop.model.ts","statementMap":{"0":{"start":{"line":1,"column":0},"end":{"line":1,"column":45}},"1":{"start":{"line":2,"column":0},"end":{"line":2,"column":81}},"2":{"start":{"line":3,"column":0},"end":{"line":3,"column":65}},"3":{"start":{"line":5,"column":0},"end":{"line":5,"column":45}},"4":{"start":{"line":10,"column":27},"end":{"line":10,"column":31}},"5":{"start":{"line":53,"column":9},"end":{"line":53,"column":13}},"6":{"start":{"line":13,"column":0},"end":{"line":37,"column":2}},"7":{"start":{"line":39,"column":0},"end":{"line":44,"column":3}},"8":{"start":{"line":46,"column":0},"end":{"line":51,"column":3}}},"fnMap":{},"branchMap":{},"s":{"0":3,"1":3,"2":3,"3":3,"4":2,"5":3,"6":3,"7":3,"8":3},"f":{},"b":{}}
,"D:\\REPOS\\Thiago\\API_NODEJS\\app\\model\\farm-crop.model.ts": {"path":"D:\\REPOS\\Thiago\\API_NODEJS\\app\\model\\farm-crop.model.ts","statementMap":{"0":{"start":{"line":1,"column":0},"end":{"line":1,"column":45}},"1":{"start":{"line":2,"column":0},"end":{"line":2,"column":81}},"2":{"start":{"line":3,"column":0},"end":{"line":3,"column":65}},"3":{"start":{"line":9,"column":27},"end":{"line":9,"column":31}},"4":{"start":{"line":6,"column":0},"end":{"line":6,"column":13}},"5":{"start":{"line":12,"column":0},"end":{"line":36,"column":2}}},"fnMap":{},"branchMap":{},"s":{"0":3,"1":3,"2":3,"3":1,"4":3,"5":3},"f":{},"b":{}}
,"D:\\REPOS\\Thiago\\API_NODEJS\\app\\model\\farm.model.ts": {"path":"D:\\REPOS\\Thiago\\API_NODEJS\\app\\model\\farm.model.ts","statementMap":{"0":{"start":{"line":1,"column":0},"end":{"line":1,"column":45}},"1":{"start":{"line":2,"column":0},"end":{"line":2,"column":81}},"2":{"start":{"line":3,"column":0},"end":{"line":3,"column":65}},"3":{"start":{"line":5,"column":0},"end":{"line":5,"column":45}},"4":{"start":{"line":89,"column":9},"end":{"line":89,"column":13}},"5":{"start":{"line":21,"column":0},"end":{"line":73,"column":2}},"6":{"start":{"line":75,"column":0},"end":{"line":80,"column":3}},"7":{"start":{"line":82,"column":0},"end":{"line":87,"column":3}}},"fnMap":{},"branchMap":{},"s":{"0":2,"1":2,"2":2,"3":2,"4":2,"5":2,"6":2,"7":2},"f":{},"b":{}}
,"D:\\REPOS\\Thiago\\API_NODEJS\\app\\repositories\\crop.repository.ts": {"path":"D:\\REPOS\\Thiago\\API_NODEJS\\app\\repositories\\crop.repository.ts","statementMap":{"0":{"start":{"line":1,"column":0},"end":{"line":1,"column":38}},"1":{"start":{"line":3,"column":0},"end":{"line":3,"column":43}},"2":{"start":{"line":4,"column":0},"end":{"line":4,"column":51}},"3":{"start":{"line":7,"column":27},"end":{"line":98,"column":null}},"4":{"start":{"line":9,"column":4},"end":{"line":9,"column":16}},"5":{"start":{"line":13,"column":4},"end":{"line":20,"column":null}},"6":{"start":{"line":14,"column":23},"end":{"line":16,"column":8}},"7":{"start":{"line":17,"column":6},"end":{"line":17,"column":32}},"8":{"start":{"line":19,"column":6},"end":{"line":19,"column":69}},"9":{"start":{"line":24,"column":4},"end":{"line":31,"column":null}},"10":{"start":{"line":25,"column":21},"end":{"line":27,"column":8}},"11":{"start":{"line":28,"column":6},"end":{"line":28,"column":28}},"12":{"start":{"line":30,"column":6},"end":{"line":30,"column":69}},"13":{"start":{"line":35,"column":4},"end":{"line":40,"column":null}},"14":{"start":{"line":36,"column":22},"end":{"line":36,"column":45}},"15":{"start":{"line":37,"column":6},"end":{"line":37,"column":21}},"16":{"start":{"line":39,"column":6},"end":{"line":39,"column":57}},"17":{"start":{"line":47,"column":4},"end":{"line":56,"column":null}},"18":{"start":{"line":48,"column":19},"end":{"line":48,"column":42}},"19":{"start":{"line":49,"column":6},"end":{"line":52,"column":null}},"20":{"start":{"line":50,"column":24},"end":{"line":50,"column":50}},"21":{"start":{"line":51,"column":8},"end":{"line":51,"column":23}},"22":{"start":{"line":53,"column":6},"end":{"line":53,"column":18}},"23":{"start":{"line":55,"column":6},"end":{"line":55,"column":66}},"24":{"start":{"line":60,"column":4},"end":{"line":67,"column":null}},"25":{"start":{"line":61,"column":19},"end":{"line":61,"column":42}},"26":{"start":{"line":62,"column":6},"end":{"line":64,"column":null}},"27":{"start":{"line":63,"column":8},"end":{"line":63,"column":29}},"28":{"start":{"line":66,"column":6},"end":{"line":66,"column":60}},"29":{"start":{"line":71,"column":4},"end":{"line":96,"column":null}},"30":{"start":{"line":72,"column":6},"end":{"line":72,"column":23}},"31":{"start":{"line":74,"column":21},"end":{"line":76,"column":8}},"32":{"start":{"line":77,"column":6},"end":{"line":77,"column":23}},"33":{"start":{"line":79,"column":6},"end":{"line":93,"column":11}},"34":{"start":{"line":80,"column":60},"end":{"line":80,"column":62}},"35":{"start":{"line":82,"column":8},"end":{"line":85,"column":11}},"36":{"start":{"line":83,"column":24},"end":{"line":83,"column":66}},"37":{"start":{"line":84,"column":10},"end":{"line":84,"column":60}},"38":{"start":{"line":86,"column":8},"end":{"line":86,"column":37}},"39":{"start":{"line":89,"column":10},"end":{"line":89,"column":21}},"40":{"start":{"line":92,"column":10},"end":{"line":92,"column":71}},"41":{"start":{"line":95,"column":6},"end":{"line":95,"column":69}},"42":{"start":{"line":7,"column":13},"end":{"line":98,"column":null}}},"fnMap":{"0":{"name":"(anonymous_2)","decl":{"start":{"line":8,"column":2},"end":{"line":8,"column":null}},"loc":{"start":{"line":8,"column":2},"end":{"line":10,"column":3}}},"1":{"name":"(anonymous_3)","decl":{"start":{"line":12,"column":9},"end":{"line":12,"column":14}},"loc":{"start":{"line":12,"column":27},"end":{"line":21,"column":3}}},"2":{"name":"(anonymous_4)","decl":{"start":{"line":23,"column":9},"end":{"line":23,"column":14}},"loc":{"start":{"line":23,"column":39},"end":{"line":32,"column":3}}},"3":{"name":"(anonymous_5)","decl":{"start":{"line":34,"column":9},"end":{"line":34,"column":14}},"loc":{"start":{"line":34,"column":41},"end":{"line":41,"column":3}}},"4":{"name":"(anonymous_6)","decl":{"start":{"line":43,"column":9},"end":{"line":43,"column":14}},"loc":{"start":{"line":45,"column":26},"end":{"line":57,"column":3}}},"5":{"name":"(anonymous_7)","decl":{"start":{"line":59,"column":9},"end":{"line":59,"column":14}},"loc":{"start":{"line":59,"column":32},"end":{"line":68,"column":3}}},"6":{"name":"(anonymous_8)","decl":{"start":{"line":70,"column":9},"end":{"line":70,"column":14}},"loc":{"start":{"line":70,"column":34},"end":{"line":97,"column":3}}},"7":{"name":"(anonymous_9)","decl":{"start":{"line":79,"column":25},"end":{"line":79,"column":26}},"loc":{"start":{"line":79,"column":45},"end":{"line":87,"column":7}}},"8":{"name":"(anonymous_10)","decl":{"start":{"line":82,"column":23},"end":{"line":82,"column":24}},"loc":{"start":{"line":82,"column":38},"end":{"line":85,"column":9}}},"9":{"name":"(anonymous_11)","decl":{"start":{"line":88,"column":14},"end":{"line":88,"column":15}},"loc":{"start":{"line":88,"column":22},"end":{"line":90,"column":9}}},"10":{"name":"(anonymous_12)","decl":{"start":{"line":91,"column":15},"end":{"line":91,"column":16}},"loc":{"start":{"line":91,"column":23},"end":{"line":93,"column":9}}}},"branchMap":{"0":{"loc":{"start":{"line":49,"column":6},"end":{"line":52,"column":null}},"type":"if","locations":[{"start":{"line":49,"column":6},"end":{"line":52,"column":null}}]},"1":{"loc":{"start":{"line":62,"column":6},"end":{"line":64,"column":null}},"type":"if","locations":[{"start":{"line":62,"column":6},"end":{"line":64,"column":null}}]}},"s":{"0":2,"1":2,"2":2,"3":2,"4":19,"5":0,"6":0,"7":0,"8":0,"9":0,"10":0,"11":0,"12":0,"13":0,"14":0,"15":0,"16":0,"17":0,"18":0,"19":0,"20":0,"21":0,"22":0,"23":0,"24":0,"25":0,"26":0,"27":0,"28":0,"29":0,"30":0,"31":0,"32":0,"33":0,"34":0,"35":0,"36":0,"37":0,"38":0,"39":0,"40":0,"41":0,"42":2},"f":{"0":19,"1":0,"2":0,"3":0,"4":0,"5":0,"6":0,"7":0,"8":0,"9":0,"10":0},"b":{"0":[0],"1":[0]}}
,"D:\\REPOS\\Thiago\\API_NODEJS\\app\\repositories\\farm-crop.repository.ts": {"path":"D:\\REPOS\\Thiago\\API_NODEJS\\app\\repositories\\farm-crop.repository.ts","statementMap":{"0":{"start":{"line":1,"column":0},"end":{"line":1,"column":38}},"1":{"start":{"line":3,"column":0},"end":{"line":3,"column":52}},"2":{"start":{"line":4,"column":0},"end":{"line":4,"column":51}},"3":{"start":{"line":7,"column":31},"end":{"line":47,"column":null}},"4":{"start":{"line":9,"column":4},"end":{"line":9,"column":20}},"5":{"start":{"line":13,"column":4},"end":{"line":18,"column":null}},"6":{"start":{"line":14,"column":22},"end":{"line":14,"column":49}},"7":{"start":{"line":15,"column":6},"end":{"line":15,"column":21}},"8":{"start":{"line":17,"column":6},"end":{"line":17,"column":57}},"9":{"start":{"line":25,"column":4},"end":{"line":34,"column":null}},"10":{"start":{"line":26,"column":19},"end":{"line":26,"column":46}},"11":{"start":{"line":27,"column":6},"end":{"line":30,"column":null}},"12":{"start":{"line":28,"column":24},"end":{"line":28,"column":50}},"13":{"start":{"line":29,"column":8},"end":{"line":29,"column":23}},"14":{"start":{"line":31,"column":6},"end":{"line":31,"column":18}},"15":{"start":{"line":33,"column":6},"end":{"line":33,"column":66}},"16":{"start":{"line":38,"column":4},"end":{"line":45,"column":null}},"17":{"start":{"line":39,"column":19},"end":{"line":39,"column":46}},"18":{"start":{"line":40,"column":6},"end":{"line":42,"column":null}},"19":{"start":{"line":41,"column":8},"end":{"line":41,"column":29}},"20":{"start":{"line":44,"column":6},"end":{"line":44,"column":60}},"21":{"start":{"line":7,"column":13},"end":{"line":47,"column":null}}},"fnMap":{"0":{"name":"(anonymous_2)","decl":{"start":{"line":8,"column":2},"end":{"line":8,"column":null}},"loc":{"start":{"line":8,"column":2},"end":{"line":10,"column":3}}},"1":{"name":"(anonymous_3)","decl":{"start":{"line":12,"column":9},"end":{"line":12,"column":14}},"loc":{"start":{"line":12,"column":45},"end":{"line":19,"column":3}}},"2":{"name":"(anonymous_4)","decl":{"start":{"line":21,"column":9},"end":{"line":21,"column":14}},"loc":{"start":{"line":23,"column":30},"end":{"line":35,"column":3}}},"3":{"name":"(anonymous_5)","decl":{"start":{"line":37,"column":9},"end":{"line":37,"column":14}},"loc":{"start":{"line":37,"column":32},"end":{"line":46,"column":3}}}},"branchMap":{"0":{"loc":{"start":{"line":27,"column":6},"end":{"line":30,"column":null}},"type":"if","locations":[{"start":{"line":27,"column":6},"end":{"line":30,"column":null}}]},"1":{"loc":{"start":{"line":40,"column":6},"end":{"line":42,"column":null}},"type":"if","locations":[{"start":{"line":40,"column":6},"end":{"line":42,"column":null}}]}},"s":{"0":1,"1":1,"2":1,"3":1,"4":11,"5":1,"6":1,"7":0,"8":0,"9":0,"10":0,"11":0,"12":0,"13":0,"14":0,"15":0,"16":0,"17":0,"18":0,"19":0,"20":0,"21":1},"f":{"0":11,"1":1,"2":0,"3":0},"b":{"0":[0],"1":[0]}}
,"D:\\REPOS\\Thiago\\API_NODEJS\\app\\repositories\\farm.repository.ts": {"path":"D:\\REPOS\\Thiago\\API_NODEJS\\app\\repositories\\farm.repository.ts","statementMap":{"0":{"start":{"line":1,"column":0},"end":{"line":1,"column":34}},"1":{"start":{"line":3,"column":0},"end":{"line":3,"column":43}},"2":{"start":{"line":4,"column":0},"end":{"line":4,"column":51}},"3":{"start":{"line":8,"column":4},"end":{"line":8,"column":16}},"4":{"start":{"line":12,"column":4},"end":{"line":19,"column":null}},"5":{"start":{"line":13,"column":23},"end":{"line":15,"column":8}},"6":{"start":{"line":16,"column":6},"end":{"line":16,"column":22}},"7":{"start":{"line":18,"column":6},"end":{"line":18,"column":69}},"8":{"start":{"line":23,"column":4},"end":{"line":30,"column":null}},"9":{"start":{"line":24,"column":21},"end":{"line":26,"column":8}},"10":{"start":{"line":27,"column":6},"end":{"line":27,"column":28}},"11":{"start":{"line":29,"column":6},"end":{"line":29,"column":69}},"12":{"start":{"line":34,"column":4},"end":{"line":39,"column":null}},"13":{"start":{"line":35,"column":26},"end":{"line":35,"column":49}},"14":{"start":{"line":36,"column":6},"end":{"line":36,"column":25}},"15":{"start":{"line":38,"column":6},"end":{"line":38,"column":57}},"16":{"start":{"line":46,"column":4},"end":{"line":55,"column":null}},"17":{"start":{"line":47,"column":19},"end":{"line":47,"column":42}},"18":{"start":{"line":48,"column":6},"end":{"line":51,"column":null}},"19":{"start":{"line":49,"column":24},"end":{"line":49,"column":50}},"20":{"start":{"line":50,"column":8},"end":{"line":50,"column":23}},"21":{"start":{"line":52,"column":6},"end":{"line":52,"column":18}},"22":{"start":{"line":54,"column":6},"end":{"line":54,"column":66}},"23":{"start":{"line":59,"column":4},"end":{"line":66,"column":null}},"24":{"start":{"line":60,"column":19},"end":{"line":60,"column":42}},"25":{"start":{"line":61,"column":6},"end":{"line":63,"column":null}},"26":{"start":{"line":62,"column":8},"end":{"line":62,"column":29}},"27":{"start":{"line":65,"column":6},"end":{"line":65,"column":59}},"28":{"start":{"line":70,"column":4},"end":{"line":75,"column":null}},"29":{"start":{"line":71,"column":23},"end":{"line":71,"column":41}},"30":{"start":{"line":72,"column":6},"end":{"line":72,"column":22}},"31":{"start":{"line":74,"column":6},"end":{"line":74,"column":69}},"32":{"start":{"line":79,"column":4},"end":{"line":84,"column":null}},"33":{"start":{"line":80,"column":23},"end":{"line":80,"column":50}},"34":{"start":{"line":81,"column":6},"end":{"line":81,"column":22}},"35":{"start":{"line":83,"column":6},"end":{"line":83,"column":69}},"36":{"start":{"line":88,"column":4},"end":{"line":99,"column":null}},"37":{"start":{"line":89,"column":22},"end":{"line":95,"column":8}},"38":{"start":{"line":96,"column":6},"end":{"line":96,"column":21}},"39":{"start":{"line":98,"column":6},"end":{"line":98,"column":69}},"40":{"start":{"line":6,"column":0},"end":{"line":6,"column":13}}},"fnMap":{"0":{"name":"(anonymous_1)","decl":{"start":{"line":7,"column":2},"end":{"line":7,"column":null}},"loc":{"start":{"line":7,"column":2},"end":{"line":9,"column":3}}},"1":{"name":"(anonymous_2)","decl":{"start":{"line":11,"column":9},"end":{"line":11,"column":14}},"loc":{"start":{"line":11,"column":27},"end":{"line":20,"column":3}}},"2":{"name":"(anonymous_3)","decl":{"start":{"line":22,"column":9},"end":{"line":22,"column":14}},"loc":{"start":{"line":22,"column":39},"end":{"line":31,"column":3}}},"3":{"name":"(anonymous_4)","decl":{"start":{"line":33,"column":9},"end":{"line":33,"column":14}},"loc":{"start":{"line":33,"column":41},"end":{"line":40,"column":3}}},"4":{"name":"(anonymous_5)","decl":{"start":{"line":42,"column":9},"end":{"line":42,"column":14}},"loc":{"start":{"line":44,"column":27},"end":{"line":56,"column":3}}},"5":{"name":"(anonymous_6)","decl":{"start":{"line":58,"column":9},"end":{"line":58,"column":14}},"loc":{"start":{"line":58,"column":32},"end":{"line":67,"column":3}}},"6":{"name":"(anonymous_7)","decl":{"start":{"line":69,"column":9},"end":{"line":69,"column":14}},"loc":{"start":{"line":69,"column":28},"end":{"line":76,"column":3}}},"7":{"name":"(anonymous_8)","decl":{"start":{"line":78,"column":9},"end":{"line":78,"column":14}},"loc":{"start":{"line":78,"column":37},"end":{"line":85,"column":3}}},"8":{"name":"(anonymous_9)","decl":{"start":{"line":87,"column":9},"end":{"line":87,"column":14}},"loc":{"start":{"line":87,"column":35},"end":{"line":100,"column":3}}}},"branchMap":{"0":{"loc":{"start":{"line":48,"column":6},"end":{"line":51,"column":null}},"type":"if","locations":[{"start":{"line":48,"column":6},"end":{"line":51,"column":null}}]},"1":{"loc":{"start":{"line":61,"column":6},"end":{"line":63,"column":null}},"type":"if","locations":[{"start":{"line":61,"column":6},"end":{"line":63,"column":null}}]}},"s":{"0":2,"1":2,"2":2,"3":19,"4":0,"5":0,"6":0,"7":0,"8":1,"9":1,"10":1,"11":0,"12":0,"13":0,"14":0,"15":0,"16":0,"17":0,"18":0,"19":0,"20":0,"21":0,"22":0,"23":0,"24":0,"25":0,"26":0,"27":0,"28":0,"29":0,"30":0,"31":0,"32":0,"33":0,"34":0,"35":0,"36":0,"37":0,"38":0,"39":0,"40":2},"f":{"0":19,"1":0,"2":1,"3":0,"4":0,"5":0,"6":0,"7":0,"8":0},"b":{"0":[0],"1":[0]}}
,"D:\\REPOS\\Thiago\\API_NODEJS\\app\\repositories\\repository-base.ts": {"path":"D:\\REPOS\\Thiago\\API_NODEJS\\app\\repositories\\repository-base.ts","statementMap":{"0":{"start":{"line":10,"column":4},"end":{"line":10,"column":23}},"1":{"start":{"line":14,"column":4},"end":{"line":19,"column":null}},"2":{"start":{"line":15,"column":23},"end":{"line":15,"column":49}},"3":{"start":{"line":16,"column":6},"end":{"line":16,"column":22}},"4":{"start":{"line":18,"column":6},"end":{"line":18,"column":69}},"5":{"start":{"line":23,"column":4},"end":{"line":28,"column":null}},"6":{"start":{"line":24,"column":21},"end":{"line":24,"column":50}},"7":{"start":{"line":25,"column":6},"end":{"line":25,"column":20}},"8":{"start":{"line":27,"column":6},"end":{"line":27,"column":71}},"9":{"start":{"line":3,"column":0},"end":{"line":3,"column":13}}},"fnMap":{"0":{"name":"(anonymous_0)","decl":{"start":{"line":9,"column":2},"end":{"line":9,"column":14}},"loc":{"start":{"line":9,"column":35},"end":{"line":11,"column":3}}},"1":{"name":"(anonymous_1)","decl":{"start":{"line":13,"column":9},"end":{"line":13,"column":14}},"loc":{"start":{"line":13,"column":21},"end":{"line":20,"column":3}}},"2":{"name":"(anonymous_2)","decl":{"start":{"line":22,"column":9},"end":{"line":22,"column":14}},"loc":{"start":{"line":22,"column":33},"end":{"line":29,"column":3}}}},"branchMap":{},"s":{"0":49,"1":0,"2":0,"3":0,"4":0,"5":0,"6":0,"7":0,"8":0,"9":3},"f":{"0":49,"1":0,"2":0},"b":{}}
,"D:\\REPOS\\Thiago\\API_NODEJS\\dist\\app\\config\\database\\postgresql-config.js": {"path":"D:\\REPOS\\Thiago\\API_NODEJS\\dist\\app\\config\\database\\postgresql-config.js","statementMap":{"0":{"start":{"line":2,"column":0},"end":{"line":2,"column":62}},"1":{"start":{"line":3,"column":0},"end":{"line":3,"column":43}},"2":{"start":{"line":4,"column":20},"end":{"line":4,"column":40}},"3":{"start":{"line":5,"column":22},"end":{"line":5,"column":59}},"4":{"start":{"line":6,"column":34},"end":{"line":13,"column":2}},"5":{"start":{"line":14,"column":0},"end":{"line":14,"column":62}}},"fnMap":{},"branchMap":{},"s":{"0":2,"1":2,"2":2,"3":2,"4":2,"5":2},"f":{},"b":{},"inputSourceMap":null,"_coverageSchema":"1a1c01bbd47fc00a2c39e90264f33305004495a9","hash":"37bb82fe058a2c6d5fcc551f49c38341a84383db"}
,"D:\\REPOS\\Thiago\\API_NODEJS\\dist\\app\\config\\database\\table-names.enum.js": {"path":"D:\\REPOS\\Thiago\\API_NODEJS\\dist\\app\\config\\database\\table-names.enum.js","statementMap":{"0":{"start":{"line":2,"column":0},"end":{"line":2,"column":62}},"1":{"start":{"line":3,"column":0},"end":{"line":3,"column":28}},"2":{"start":{"line":5,"column":0},"end":{"line":9,"column":57}},"3":{"start":{"line":6,"column":4},"end":{"line":6,"column":34}},"4":{"start":{"line":7,"column":4},"end":{"line":7,"column":34}},"5":{"start":{"line":8,"column":4},"end":{"line":8,"column":46}}},"fnMap":{"0":{"name":"(anonymous_0)","decl":{"start":{"line":5,"column":1},"end":{"line":5,"column":2}},"loc":{"start":{"line":5,"column":23},"end":{"line":9,"column":1}},"line":5}},"branchMap":{"0":{"loc":{"start":{"line":9,"column":3},"end":{"line":9,"column":55}},"type":"binary-expr","locations":[{"start":{"line":9,"column":3},"end":{"line":9,"column":13}},{"start":{"line":9,"column":18},"end":{"line":9,"column":54}}],"line":9}},"s":{"0":2,"1":2,"2":2,"3":2,"4":2,"5":2},"f":{"0":2},"b":{"0":[2,2]},"inputSourceMap":null,"_coverageSchema":"1a1c01bbd47fc00a2c39e90264f33305004495a9","hash":"10de4113ea1345d36832229ada5dbbc64e6a1406"}
,"D:\\REPOS\\Thiago\\API_NODEJS\\dist\\app\\config\\environment\\environment.js": {"path":"D:\\REPOS\\Thiago\\API_NODEJS\\dist\\app\\config\\environment\\environment.js","statementMap":{"0":{"start":{"line":2,"column":22},"end":{"line":4,"column":1}},"1":{"start":{"line":3,"column":4},"end":{"line":3,"column":62}},"2":{"start":{"line":5,"column":0},"end":{"line":5,"column":62}},"3":{"start":{"line":6,"column":0},"end":{"line":6,"column":29}},"4":{"start":{"line":7,"column":17},"end":{"line":7,"column":51}},"5":{"start":{"line":8,"column":23},"end":{"line":8,"column":46}},"6":{"start":{"line":9,"column":0},"end":{"line":9,"column":26}},"7":{"start":{"line":10,"column":20},"end":{"line":17,"column":1}},"8":{"start":{"line":18,"column":0},"end":{"line":18,"column":34}}},"fnMap":{"0":{"name":"(anonymous_0)","decl":{"start":{"line":2,"column":56},"end":{"line":2,"column":57}},"loc":{"start":{"line":2,"column":71},"end":{"line":4,"column":1}},"line":2}},"branchMap":{"0":{"loc":{"start":{"line":2,"column":22},"end":{"line":4,"column":1}},"type":"binary-expr","locations":[{"start":{"line":2,"column":23},"end":{"line":2,"column":27}},{"start":{"line":2,"column":31},"end":{"line":2,"column":51}},{"start":{"line":2,"column":56},"end":{"line":4,"column":1}}],"line":2},"1":{"loc":{"start":{"line":3,"column":11},"end":{"line":3,"column":61}},"type":"cond-expr","locations":[{"start":{"line":3,"column":37},"end":{"line":3,"column":40}},{"start":{"line":3,"column":43},"end":{"line":3,"column":61}}],"line":3},"2":{"loc":{"start":{"line":3,"column":12},"end":{"line":3,"column":33}},"type":"binary-expr","locations":[{"start":{"line":3,"column":12},"end":{"line":3,"column":15}},{"start":{"line":3,"column":19},"end":{"line":3,"column":33}}],"line":3},"3":{"loc":{"start":{"line":11,"column":19},"end":{"line":11,"column":55}},"type":"binary-expr","locations":[{"start":{"line":11,"column":19},"end":{"line":11,"column":45}},{"start":{"line":11,"column":49},"end":{"line":11,"column":55}}],"line":11},"4":{"loc":{"start":{"line":12,"column":13},"end":{"line":12,"column":54}},"type":"binary-expr","locations":[{"start":{"line":12,"column":13},"end":{"line":12,"column":39}},{"start":{"line":12,"column":43},"end":{"line":12,"column":54}}],"line":12},"5":{"loc":{"start":{"line":13,"column":22},"end":{"line":13,"column":58}},"type":"binary-expr","locations":[{"start":{"line":13,"column":22},"end":{"line":13,"column":48}},{"start":{"line":13,"column":52},"end":{"line":13,"column":58}}],"line":13}},"s":{"0":2,"1":2,"2":2,"3":2,"4":2,"5":2,"6":2,"7":2,"8":2},"f":{"0":2},"b":{"0":[2,2,2],"1":[0,2],"2":[2,2],"3":[2,0],"4":[2,0],"5":[2,0]},"inputSourceMap":null,"_coverageSchema":"1a1c01bbd47fc00a2c39e90264f33305004495a9","hash":"362949f3f9e6f942632f8f974906f26f15e3a787"}
,"D:\\REPOS\\Thiago\\API_NODEJS\\dist\\app\\controller\\crop.controller.js": {"path":"D:\\REPOS\\Thiago\\API_NODEJS\\dist\\app\\controller\\crop.controller.js","statementMap":{"0":{"start":{"line":2,"column":17},"end":{"line":7,"column":1}},"1":{"start":{"line":3,"column":12},"end":{"line":3,"column":28}},"2":{"start":{"line":3,"column":34},"end":{"line":3,"column":125}},"3":{"start":{"line":4,"column":4},"end":{"line":5,"column":150}},"4":{"start":{"line":4,"column":79},"end":{"line":4,"column":131}},"5":{"start":{"line":5,"column":9},"end":{"line":5,"column":150}},"6":{"start":{"line":5,"column":22},"end":{"line":5,"column":43}},"7":{"start":{"line":5,"column":58},"end":{"line":5,"column":150}},"8":{"start":{"line":5,"column":81},"end":{"line":5,"column":150}},"9":{"start":{"line":6,"column":4},"end":{"line":6,"column":66}},"10":{"start":{"line":8,"column":17},"end":{"line":10,"column":1}},"11":{"start":{"line":9,"column":4},"end":{"line":9,"column":109}},"12":{"start":{"line":9,"column":79},"end":{"line":9,"column":109}},"13":{"start":{"line":11,"column":14},"end":{"line":13,"column":1}},"14":{"start":{"line":12,"column":4},"end":{"line":12,"column":73}},"15":{"start":{"line":12,"column":36},"end":{"line":12,"column":71}},"16":{"start":{"line":14,"column":0},"end":{"line":14,"column":62}},"17":{"start":{"line":15,"column":0},"end":{"line":15,"column":32}},"18":{"start":{"line":16,"column":30},"end":{"line":16,"column":60}},"19":{"start":{"line":17,"column":19},"end":{"line":17,"column":38}},"20":{"start":{"line":18,"column":21},"end":{"line":18,"column":51}},"21":{"start":{"line":19,"column":26},"end":{"line":19,"column":68}},"22":{"start":{"line":20,"column":21},"end":{"line":84,"column":1}},"23":{"start":{"line":23,"column":8},"end":{"line":23,"column":45}},"24":{"start":{"line":26,"column":8},"end":{"line":34,"column":9}},"25":{"start":{"line":27,"column":34},"end":{"line":27,"column":74}},"26":{"start":{"line":28,"column":12},"end":{"line":28,"column":48}},"27":{"start":{"line":31,"column":12},"end":{"line":33,"column":15}},"28":{"start":{"line":37,"column":8},"end":{"line":43,"column":9}},"29":{"start":{"line":38,"column":29},"end":{"line":38,"column":72}},"30":{"start":{"line":39,"column":12},"end":{"line":39,"column":43}},"31":{"start":{"line":42,"column":12},"end":{"line":42,"column":69}},"32":{"start":{"line":46,"column":8},"end":{"line":54,"column":9}},"33":{"start":{"line":47,"column":25},"end":{"line":47,"column":48}},"34":{"start":{"line":48,"column":12},"end":{"line":48,"column":36}},"35":{"start":{"line":49,"column":29},"end":{"line":49,"column":69}},"36":{"start":{"line":50,"column":12},"end":{"line":50,"column":43}},"37":{"start":{"line":53,"column":12},"end":{"line":53,"column":68}},"38":{"start":{"line":57,"column":29},"end":{"line":57,"column":33}},"39":{"start":{"line":58,"column":8},"end":{"line":72,"column":9}},"40":{"start":{"line":59,"column":28},"end":{"line":61,"column":13}},"41":{"start":{"line":62,"column":32},"end":{"line":62,"column":77}},"42":{"start":{"line":63,"column":12},"end":{"line":68,"column":13}},"43":{"start":{"line":64,"column":16},"end":{"line":64,"column":50}},"44":{"start":{"line":67,"column":16},"end":{"line":67,"column":70}},"45":{"start":{"line":71,"column":12},"end":{"line":71,"column":71}},"46":{"start":{"line":75,"column":8},"end":{"line":82,"column":9}},"47":{"start":{"line":76,"column":27},"end":{"line":76,"column":31}},"48":{"start":{"line":77,"column":12},"end":{"line":77,"column":49}},"49":{"start":{"line":78,"column":12},"end":{"line":78,"column":34}},"50":{"start":{"line":81,"column":12},"end":{"line":81,"column":71}},"51":{"start":{"line":85,"column":0},"end":{"line":92,"column":45}},"52":{"start":{"line":93,"column":0},"end":{"line":100,"column":46}},"53":{"start":{"line":101,"column":0},"end":{"line":108,"column":45}},"54":{"start":{"line":109,"column":0},"end":{"line":116,"column":45}},"55":{"start":{"line":117,"column":0},"end":{"line":124,"column":45}},"56":{"start":{"line":125,"column":0},"end":{"line":130,"column":19}}},"fnMap":{"0":{"name":"(anonymous_0)","decl":{"start":{"line":2,"column":46},"end":{"line":2,"column":47}},"loc":{"start":{"line":2,"column":87},"end":{"line":7,"column":1}},"line":2},"1":{"name":"(anonymous_1)","decl":{"start":{"line":8,"column":46},"end":{"line":8,"column":47}},"loc":{"start":{"line":8,"column":62},"end":{"line":10,"column":1}},"line":8},"2":{"name":"(anonymous_2)","decl":{"start":{"line":11,"column":40},"end":{"line":11,"column":41}},"loc":{"start":{"line":11,"column":73},"end":{"line":13,"column":1}},"line":11},"3":{"name":"(anonymous_3)","decl":{"start":{"line":12,"column":11},"end":{"line":12,"column":12}},"loc":{"start":{"line":12,"column":34},"end":{"line":12,"column":73}},"line":12},"4":{"name":"(anonymous_4)","decl":{"start":{"line":22,"column":4},"end":{"line":22,"column":5}},"loc":{"start":{"line":22,"column":32},"end":{"line":24,"column":5}},"line":22},"5":{"name":"(anonymous_5)","decl":{"start":{"line":25,"column":4},"end":{"line":25,"column":5}},"loc":{"start":{"line":25,"column":27},"end":{"line":35,"column":5}},"line":25},"6":{"name":"(anonymous_6)","decl":{"start":{"line":36,"column":4},"end":{"line":36,"column":5}},"loc":{"start":{"line":36,"column":27},"end":{"line":44,"column":5}},"line":36},"7":{"name":"(anonymous_7)","decl":{"start":{"line":45,"column":4},"end":{"line":45,"column":5}},"loc":{"start":{"line":45,"column":28},"end":{"line":55,"column":5}},"line":45},"8":{"name":"(anonymous_8)","decl":{"start":{"line":56,"column":4},"end":{"line":56,"column":5}},"loc":{"start":{"line":56,"column":28},"end":{"line":73,"column":5}},"line":56},"9":{"name":"(anonymous_9)","decl":{"start":{"line":74,"column":4},"end":{"line":74,"column":5}},"loc":{"start":{"line":74,"column":28},"end":{"line":83,"column":5}},"line":74}},"branchMap":{"0":{"loc":{"start":{"line":2,"column":17},"end":{"line":7,"column":1}},"type":"binary-expr","locations":[{"start":{"line":2,"column":18},"end":{"line":2,"column":22}},{"start":{"line":2,"column":26},"end":{"line":2,"column":41}},{"start":{"line":2,"column":46},"end":{"line":7,"column":1}}],"line":2},"1":{"loc":{"start":{"line":3,"column":34},"end":{"line":3,"column":125}},"type":"cond-expr","locations":[{"start":{"line":3,"column":42},"end":{"line":3,"column":48}},{"start":{"line":3,"column":51},"end":{"line":3,"column":125}}],"line":3},"2":{"loc":{"start":{"line":3,"column":51},"end":{"line":3,"column":125}},"type":"cond-expr","locations":[{"start":{"line":3,"column":67},"end":{"line":3,"column":118}},{"start":{"line":3,"column":121},"end":{"line":3,"column":125}}],"line":3},"3":{"loc":{"start":{"line":4,"column":4},"end":{"line":5,"column":150}},"type":"if","locations":[{"start":{"line":4,"column":4},"end":{"line":5,"column":150}},{"start":{"line":5,"column":9},"end":{"line":5,"column":150}}],"line":4},"4":{"loc":{"start":{"line":4,"column":8},"end":{"line":4,"column":77}},"type":"binary-expr","locations":[{"start":{"line":4,"column":8},"end":{"line":4,"column":35}},{"start":{"line":4,"column":39},"end":{"line":4,"column":77}}],"line":4},"5":{"loc":{"start":{"line":5,"column":58},"end":{"line":5,"column":150}},"type":"if","locations":[{"start":{"line":5,"column":58},"end":{"line":5,"column":150}},{"start":{},"end":{}}],"line":5},"6":{"loc":{"start":{"line":5,"column":85},"end":{"line":5,"column":149}},"type":"binary-expr","locations":[{"start":{"line":5,"column":86},"end":{"line":5,"column":143}},{"start":{"line":5,"column":148},"end":{"line":5,"column":149}}],"line":5},"7":{"loc":{"start":{"line":5,"column":86},"end":{"line":5,"column":143}},"type":"cond-expr","locations":[{"start":{"line":5,"column":94},"end":{"line":5,"column":98}},{"start":{"line":5,"column":101},"end":{"line":5,"column":143}}],"line":5},"8":{"loc":{"start":{"line":5,"column":101},"end":{"line":5,"column":143}},"type":"cond-expr","locations":[{"start":{"line":5,"column":109},"end":{"line":5,"column":126}},{"start":{"line":5,"column":129},"end":{"line":5,"column":143}}],"line":5},"9":{"loc":{"start":{"line":6,"column":11},"end":{"line":6,"column":62}},"type":"binary-expr","locations":[{"start":{"line":6,"column":11},"end":{"line":6,"column":16}},{"start":{"line":6,"column":20},"end":{"line":6,"column":21}},{"start":{"line":6,"column":25},"end":{"line":6,"column":62}}],"line":6},"10":{"loc":{"start":{"line":8,"column":17},"end":{"line":10,"column":1}},"type":"binary-expr","locations":[{"start":{"line":8,"column":18},"end":{"line":8,"column":22}},{"start":{"line":8,"column":26},"end":{"line":8,"column":41}},{"start":{"line":8,"column":46},"end":{"line":10,"column":1}}],"line":8},"11":{"loc":{"start":{"line":9,"column":4},"end":{"line":9,"column":109}},"type":"if","locations":[{"start":{"line":9,"column":4},"end":{"line":9,"column":109}},{"start":{},"end":{}}],"line":9},"12":{"loc":{"start":{"line":9,"column":8},"end":{"line":9,"column":77}},"type":"binary-expr","locations":[{"start":{"line":9,"column":8},"end":{"line":9,"column":35}},{"start":{"line":9,"column":39},"end":{"line":9,"column":77}}],"line":9},"13":{"loc":{"start":{"line":11,"column":14},"end":{"line":13,"column":1}},"type":"binary-expr","locations":[{"start":{"line":11,"column":15},"end":{"line":11,"column":19}},{"start":{"line":11,"column":23},"end":{"line":11,"column":35}},{"start":{"line":11,"column":40},"end":{"line":13,"column":1}}],"line":11},"14":{"loc":{"start":{"line":63,"column":12},"end":{"line":68,"column":13}},"type":"if","locations":[{"start":{"line":63,"column":12},"end":{"line":68,"column":13}},{"start":{"line":66,"column":17},"end":{"line":68,"column":13}}],"line":63}},"s":{"0":1,"1":6,"2":6,"3":6,"4":6,"5":0,"6":0,"7":0,"8":0,"9":6,"10":1,"11":16,"12":16,"13":1,"14":11,"15":11,"16":1,"17":1,"18":1,"19":1,"20":1,"21":1,"22":1,"23":11,"24":2,"25":2,"26":1,"27":1,"28":2,"29":2,"30":1,"31":1,"32":2,"33":2,"34":2,"35":2,"36":1,"37":1,"38":3,"39":3,"40":3,"41":3,"42":2,"43":1,"44":1,"45":1,"46":2,"47":2,"48":2,"49":1,"50":2,"51":1,"52":1,"53":1,"54":1,"55":1,"56":1},"f":{"0":6,"1":16,"2":11,"3":11,"4":11,"5":2,"6":2,"7":2,"8":3,"9":2},"b":{"0":[1,1,1],"1":[1,5],"2":[5,0],"3":[6,0],"4":[6,6],"5":[0,0],"6":[0,0],"7":[0,0],"8":[0,0],"9":[6,5,5],"10":[1,1,1],"11":[16,0],"12":[16,16],"13":[1,1,1],"14":[1,1]},"inputSourceMap":null,"_coverageSchema":"1a1c01bbd47fc00a2c39e90264f33305004495a9","hash":"6f2579f0b8eac661f09b3eb5a10849f5545eb9fd"}
,"D:\\REPOS\\Thiago\\API_NODEJS\\dist\\app\\controller\\farm.controller.js": {"path":"D:\\REPOS\\Thiago\\API_NODEJS\\dist\\app\\controller\\farm.controller.js","statementMap":{"0":{"start":{"line":2,"column":17},"end":{"line":7,"column":1}},"1":{"start":{"line":3,"column":12},"end":{"line":3,"column":28}},"2":{"start":{"line":3,"column":34},"end":{"line":3,"column":125}},"3":{"start":{"line":4,"column":4},"end":{"line":5,"column":150}},"4":{"start":{"line":4,"column":79},"end":{"line":4,"column":131}},"5":{"start":{"line":5,"column":9},"end":{"line":5,"column":150}},"6":{"start":{"line":5,"column":22},"end":{"line":5,"column":43}},"7":{"start":{"line":5,"column":58},"end":{"line":5,"column":150}},"8":{"start":{"line":5,"column":81},"end":{"line":5,"column":150}},"9":{"start":{"line":6,"column":4},"end":{"line":6,"column":66}},"10":{"start":{"line":8,"column":17},"end":{"line":10,"column":1}},"11":{"start":{"line":9,"column":4},"end":{"line":9,"column":109}},"12":{"start":{"line":9,"column":79},"end":{"line":9,"column":109}},"13":{"start":{"line":11,"column":14},"end":{"line":13,"column":1}},"14":{"start":{"line":12,"column":4},"end":{"line":12,"column":73}},"15":{"start":{"line":12,"column":36},"end":{"line":12,"column":71}},"16":{"start":{"line":14,"column":0},"end":{"line":14,"column":62}},"17":{"start":{"line":15,"column":0},"end":{"line":15,"column":32}},"18":{"start":{"line":16,"column":30},"end":{"line":16,"column":60}},"19":{"start":{"line":17,"column":19},"end":{"line":17,"column":38}},"20":{"start":{"line":18,"column":21},"end":{"line":18,"column":51}},"21":{"start":{"line":19,"column":31},"end":{"line":19,"column":78}},"22":{"start":{"line":20,"column":26},"end":{"line":20,"column":68}},"23":{"start":{"line":21,"column":21},"end":{"line":109,"column":1}},"24":{"start":{"line":25,"column":8},"end":{"line":25,"column":45}},"25":{"start":{"line":26,"column":8},"end":{"line":26,"column":53}},"26":{"start":{"line":29,"column":8},"end":{"line":38,"column":9}},"27":{"start":{"line":30,"column":26},"end":{"line":30,"column":66}},"28":{"start":{"line":31,"column":12},"end":{"line":31,"column":40}},"29":{"start":{"line":34,"column":12},"end":{"line":37,"column":15}},"30":{"start":{"line":41,"column":8},"end":{"line":50,"column":9}},"31":{"start":{"line":42,"column":25},"end":{"line":42,"column":68}},"32":{"start":{"line":43,"column":12},"end":{"line":43,"column":39}},"33":{"start":{"line":46,"column":12},"end":{"line":49,"column":15}},"34":{"start":{"line":53,"column":8},"end":{"line":79,"column":9}},"35":{"start":{"line":54,"column":42},"end":{"line":54,"column":46}},"36":{"start":{"line":55,"column":25},"end":{"line":55,"column":63}},"37":{"start":{"line":56,"column":12},"end":{"line":72,"column":13}},"38":{"start":{"line":57,"column":16},"end":{"line":71,"column":19}},"39":{"start":{"line":58,"column":20},"end":{"line":66,"column":23}},"40":{"start":{"line":59,"column":37},"end":{"line":59,"column":73}},"41":{"start":{"line":60,"column":24},"end":{"line":65,"column":25}},"42":{"start":{"line":61,"column":45},"end":{"line":64,"column":30}},"43":{"start":{"line":67,"column":20},"end":{"line":67,"column":30}},"44":{"start":{"line":69,"column":42},"end":{"line":69,"column":90}},"45":{"start":{"line":70,"column":20},"end":{"line":70,"column":56}},"46":{"start":{"line":75,"column":12},"end":{"line":78,"column":15}},"47":{"start":{"line":82,"column":23},"end":{"line":82,"column":27}},"48":{"start":{"line":83,"column":8},"end":{"line":97,"column":9}},"49":{"start":{"line":84,"column":28},"end":{"line":84,"column":32}},"50":{"start":{"line":85,"column":32},"end":{"line":85,"column":77}},"51":{"start":{"line":86,"column":12},"end":{"line":91,"column":13}},"52":{"start":{"line":87,"column":16},"end":{"line":87,"column":50}},"53":{"start":{"line":90,"column":16},"end":{"line":90,"column":70}},"54":{"start":{"line":94,"column":12},"end":{"line":96,"column":15}},"55":{"start":{"line":100,"column":8},"end":{"line":107,"column":9}},"56":{"start":{"line":101,"column":27},"end":{"line":101,"column":31}},"57":{"start":{"line":102,"column":12},"end":{"line":102,"column":49}},"58":{"start":{"line":103,"column":12},"end":{"line":103,"column":34}},"59":{"start":{"line":106,"column":12},"end":{"line":106,"column":71}},"60":{"start":{"line":110,"column":0},"end":{"line":116,"column":45}},"61":{"start":{"line":117,"column":0},"end":{"line":124,"column":46}},"62":{"start":{"line":125,"column":0},"end":{"line":132,"column":47}},"63":{"start":{"line":133,"column":0},"end":{"line":140,"column":45}},"64":{"start":{"line":141,"column":0},"end":{"line":148,"column":45}},"65":{"start":{"line":149,"column":0},"end":{"line":154,"column":19}}},"fnMap":{"0":{"name":"(anonymous_0)","decl":{"start":{"line":2,"column":46},"end":{"line":2,"column":47}},"loc":{"start":{"line":2,"column":87},"end":{"line":7,"column":1}},"line":2},"1":{"name":"(anonymous_1)","decl":{"start":{"line":8,"column":46},"end":{"line":8,"column":47}},"loc":{"start":{"line":8,"column":62},"end":{"line":10,"column":1}},"line":8},"2":{"name":"(anonymous_2)","decl":{"start":{"line":11,"column":40},"end":{"line":11,"column":41}},"loc":{"start":{"line":11,"column":73},"end":{"line":13,"column":1}},"line":11},"3":{"name":"(anonymous_3)","decl":{"start":{"line":12,"column":11},"end":{"line":12,"column":12}},"loc":{"start":{"line":12,"column":34},"end":{"line":12,"column":73}},"line":12},"4":{"name":"(anonymous_4)","decl":{"start":{"line":24,"column":4},"end":{"line":24,"column":5}},"loc":{"start":{"line":24,"column":52},"end":{"line":27,"column":5}},"line":24},"5":{"name":"(anonymous_5)","decl":{"start":{"line":28,"column":4},"end":{"line":28,"column":5}},"loc":{"start":{"line":28,"column":22},"end":{"line":39,"column":5}},"line":28},"6":{"name":"(anonymous_6)","decl":{"start":{"line":40,"column":4},"end":{"line":40,"column":5}},"loc":{"start":{"line":40,"column":27},"end":{"line":51,"column":5}},"line":40},"7":{"name":"(anonymous_7)","decl":{"start":{"line":52,"column":4},"end":{"line":52,"column":5}},"loc":{"start":{"line":52,"column":30},"end":{"line":80,"column":5}},"line":52},"8":{"name":"(anonymous_8)","decl":{"start":{"line":57,"column":35},"end":{"line":57,"column":36}},"loc":{"start":{"line":57,"column":56},"end":{"line":68,"column":17}},"line":57},"9":{"name":"(anonymous_9)","decl":{"start":{"line":58,"column":33},"end":{"line":58,"column":34}},"loc":{"start":{"line":58,"column":47},"end":{"line":66,"column":21}},"line":58},"10":{"name":"(anonymous_10)","decl":{"start":{"line":68,"column":24},"end":{"line":68,"column":25}},"loc":{"start":{"line":68,"column":36},"end":{"line":71,"column":17}},"line":68},"11":{"name":"(anonymous_11)","decl":{"start":{"line":81,"column":4},"end":{"line":81,"column":5}},"loc":{"start":{"line":81,"column":28},"end":{"line":98,"column":5}},"line":81},"12":{"name":"(anonymous_12)","decl":{"start":{"line":99,"column":4},"end":{"line":99,"column":5}},"loc":{"start":{"line":99,"column":28},"end":{"line":108,"column":5}},"line":99}},"branchMap":{"0":{"loc":{"start":{"line":2,"column":17},"end":{"line":7,"column":1}},"type":"binary-expr","locations":[{"start":{"line":2,"column":18},"end":{"line":2,"column":22}},{"start":{"line":2,"column":26},"end":{"line":2,"column":41}},{"start":{"line":2,"column":46},"end":{"line":7,"column":1}}],"line":2},"1":{"loc":{"start":{"line":3,"column":34},"end":{"line":3,"column":125}},"type":"cond-expr","locations":[{"start":{"line":3,"column":42},"end":{"line":3,"column":48}},{"start":{"line":3,"column":51},"end":{"line":3,"column":125}}],"line":3},"2":{"loc":{"start":{"line":3,"column":51},"end":{"line":3,"column":125}},"type":"cond-expr","locations":[{"start":{"line":3,"column":67},"end":{"line":3,"column":118}},{"start":{"line":3,"column":121},"end":{"line":3,"column":125}}],"line":3},"3":{"loc":{"start":{"line":4,"column":4},"end":{"line":5,"column":150}},"type":"if","locations":[{"start":{"line":4,"column":4},"end":{"line":5,"column":150}},{"start":{"line":5,"column":9},"end":{"line":5,"column":150}}],"line":4},"4":{"loc":{"start":{"line":4,"column":8},"end":{"line":4,"column":77}},"type":"binary-expr","locations":[{"start":{"line":4,"column":8},"end":{"line":4,"column":35}},{"start":{"line":4,"column":39},"end":{"line":4,"column":77}}],"line":4},"5":{"loc":{"start":{"line":5,"column":58},"end":{"line":5,"column":150}},"type":"if","locations":[{"start":{"line":5,"column":58},"end":{"line":5,"column":150}},{"start":{},"end":{}}],"line":5},"6":{"loc":{"start":{"line":5,"column":85},"end":{"line":5,"column":149}},"type":"binary-expr","locations":[{"start":{"line":5,"column":86},"end":{"line":5,"column":143}},{"start":{"line":5,"column":148},"end":{"line":5,"column":149}}],"line":5},"7":{"loc":{"start":{"line":5,"column":86},"end":{"line":5,"column":143}},"type":"cond-expr","locations":[{"start":{"line":5,"column":94},"end":{"line":5,"column":98}},{"start":{"line":5,"column":101},"end":{"line":5,"column":143}}],"line":5},"8":{"loc":{"start":{"line":5,"column":101},"end":{"line":5,"column":143}},"type":"cond-expr","locations":[{"start":{"line":5,"column":109},"end":{"line":5,"column":126}},{"start":{"line":5,"column":129},"end":{"line":5,"column":143}}],"line":5},"9":{"loc":{"start":{"line":6,"column":11},"end":{"line":6,"column":62}},"type":"binary-expr","locations":[{"start":{"line":6,"column":11},"end":{"line":6,"column":16}},{"start":{"line":6,"column":20},"end":{"line":6,"column":21}},{"start":{"line":6,"column":25},"end":{"line":6,"column":62}}],"line":6},"10":{"loc":{"start":{"line":8,"column":17},"end":{"line":10,"column":1}},"type":"binary-expr","locations":[{"start":{"line":8,"column":18},"end":{"line":8,"column":22}},{"start":{"line":8,"column":26},"end":{"line":8,"column":41}},{"start":{"line":8,"column":46},"end":{"line":10,"column":1}}],"line":8},"11":{"loc":{"start":{"line":9,"column":4},"end":{"line":9,"column":109}},"type":"if","locations":[{"start":{"line":9,"column":4},"end":{"line":9,"column":109}},{"start":{},"end":{}}],"line":9},"12":{"loc":{"start":{"line":9,"column":8},"end":{"line":9,"column":77}},"type":"binary-expr","locations":[{"start":{"line":9,"column":8},"end":{"line":9,"column":35}},{"start":{"line":9,"column":39},"end":{"line":9,"column":77}}],"line":9},"13":{"loc":{"start":{"line":11,"column":14},"end":{"line":13,"column":1}},"type":"binary-expr","locations":[{"start":{"line":11,"column":15},"end":{"line":11,"column":19}},{"start":{"line":11,"column":23},"end":{"line":11,"column":35}},{"start":{"line":11,"column":40},"end":{"line":13,"column":1}}],"line":11},"14":{"loc":{"start":{"line":56,"column":12},"end":{"line":72,"column":13}},"type":"if","locations":[{"start":{"line":56,"column":12},"end":{"line":72,"column":13}},{"start":{},"end":{}}],"line":56},"15":{"loc":{"start":{"line":56,"column":16},"end":{"line":56,"column":47}},"type":"binary-expr","locations":[{"start":{"line":56,"column":16},"end":{"line":56,"column":24}},{"start":{"line":56,"column":28},"end":{"line":56,"column":47}}],"line":56},"16":{"loc":{"start":{"line":60,"column":24},"end":{"line":65,"column":25}},"type":"if","locations":[{"start":{"line":60,"column":24},"end":{"line":65,"column":25}},{"start":{},"end":{}}],"line":60},"17":{"loc":{"start":{"line":86,"column":12},"end":{"line":91,"column":13}},"type":"if","locations":[{"start":{"line":86,"column":12},"end":{"line":91,"column":13}},{"start":{"line":89,"column":17},"end":{"line":91,"column":13}}],"line":86}},"s":{"0":1,"1":6,"2":6,"3":6,"4":6,"5":0,"6":0,"7":0,"8":0,"9":6,"10":1,"11":16,"12":16,"13":1,"14":9,"15":9,"16":1,"17":1,"18":1,"19":1,"20":1,"21":1,"22":1,"23":1,"24":11,"25":11,"26":2,"27":2,"28":1,"29":1,"30":2,"31":2,"32":1,"33":1,"34":2,"35":2,"36":2,"37":1,"38":1,"39":1,"40":1,"41":1,"42":1,"43":1,"44":1,"45":1,"46":1,"47":3,"48":3,"49":3,"50":3,"51":2,"52":1,"53":1,"54":1,"55":2,"56":2,"57":2,"58":1,"59":2,"60":1,"61":1,"62":1,"63":1,"64":1,"65":1},"f":{"0":6,"1":16,"2":9,"3":9,"4":11,"5":2,"6":2,"7":2,"8":1,"9":1,"10":1,"11":3,"12":2},"b":{"0":[1,1,1],"1":[1,5],"2":[5,0],"3":[6,0],"4":[6,6],"5":[0,0],"6":[0,0],"7":[0,0],"8":[0,0],"9":[6,5,5],"10":[1,1,1],"11":[16,0],"12":[16,16],"13":[1,1,1],"14":[1,0],"15":[1,1],"16":[1,0],"17":[1,1]},"inputSourceMap":null,"_coverageSchema":"1a1c01bbd47fc00a2c39e90264f33305004495a9","hash":"e4f5616d564dadf43a072fab482404ac4f44bbe7"}
,"D:\\REPOS\\Thiago\\API_NODEJS\\dist\\app\\model\\crop.model.js": {"path":"D:\\REPOS\\Thiago\\API_NODEJS\\dist\\app\\model\\crop.model.js","statementMap":{"0":{"start":{"line":2,"column":0},"end":{"line":2,"column":62}},"1":{"start":{"line":3,"column":0},"end":{"line":3,"column":22}},"2":{"start":{"line":4,"column":20},"end":{"line":4,"column":40}},"3":{"start":{"line":5,"column":28},"end":{"line":5,"column":75}},"4":{"start":{"line":6,"column":27},"end":{"line":6,"column":73}},"5":{"start":{"line":7,"column":26},"end":{"line":7,"column":54}},"6":{"start":{"line":11,"column":13},"end":{"line":11,"column":17}},"7":{"start":{"line":13,"column":0},"end":{"line":13,"column":20}},"8":{"start":{"line":14,"column":0},"end":{"line":35,"column":3}},"9":{"start":{"line":36,"column":0},"end":{"line":41,"column":3}},"10":{"start":{"line":42,"column":0},"end":{"line":47,"column":3}}},"fnMap":{},"branchMap":{},"s":{"0":2,"1":2,"2":2,"3":2,"4":2,"5":2,"6":2,"7":2,"8":2,"9":2,"10":2},"f":{},"b":{},"inputSourceMap":null,"_coverageSchema":"1a1c01bbd47fc00a2c39e90264f33305004495a9","hash":"71514dc79105a63b6d1ce0a5d4e42f537d6e53a9"}
,"D:\\REPOS\\Thiago\\API_NODEJS\\dist\\app\\model\\farm-crop.model.js": {"path":"D:\\REPOS\\Thiago\\API_NODEJS\\dist\\app\\model\\farm-crop.model.js","statementMap":{"0":{"start":{"line":2,"column":0},"end":{"line":2,"column":62}},"1":{"start":{"line":3,"column":0},"end":{"line":3,"column":26}},"2":{"start":{"line":4,"column":20},"end":{"line":4,"column":40}},"3":{"start":{"line":5,"column":28},"end":{"line":5,"column":75}},"4":{"start":{"line":6,"column":27},"end":{"line":6,"column":73}},"5":{"start":{"line":10,"column":13},"end":{"line":10,"column":17}},"6":{"start":{"line":12,"column":0},"end":{"line":12,"column":28}},"7":{"start":{"line":13,"column":0},"end":{"line":34,"column":3}}},"fnMap":{},"branchMap":{},"s":{"0":2,"1":2,"2":2,"3":2,"4":2,"5":1,"6":2,"7":2},"f":{},"b":{},"inputSourceMap":null,"_coverageSchema":"1a1c01bbd47fc00a2c39e90264f33305004495a9","hash":"827477afb9a23f2d7b87ecfaeac0c33b8f5b3bba"}
,"D:\\REPOS\\Thiago\\API_NODEJS\\dist\\app\\model\\farm.model.js": {"path":"D:\\REPOS\\Thiago\\API_NODEJS\\dist\\app\\model\\farm.model.js","statementMap":{"0":{"start":{"line":2,"column":0},"end":{"line":2,"column":62}},"1":{"start":{"line":3,"column":0},"end":{"line":3,"column":22}},"2":{"start":{"line":4,"column":20},"end":{"line":4,"column":40}},"3":{"start":{"line":5,"column":28},"end":{"line":5,"column":75}},"4":{"start":{"line":6,"column":27},"end":{"line":6,"column":73}},"5":{"start":{"line":7,"column":26},"end":{"line":7,"column":54}},"6":{"start":{"line":21,"column":0},"end":{"line":21,"column":20}},"7":{"start":{"line":22,"column":0},"end":{"line":71,"column":3}},"8":{"start":{"line":72,"column":0},"end":{"line":77,"column":3}},"9":{"start":{"line":78,"column":0},"end":{"line":83,"column":3}}},"fnMap":{},"branchMap":{},"s":{"0":1,"1":1,"2":1,"3":1,"4":1,"5":1,"6":1,"7":1,"8":1,"9":1},"f":{},"b":{},"inputSourceMap":null,"_coverageSchema":"1a1c01bbd47fc00a2c39e90264f33305004495a9","hash":"e117f202cf0c60dc74157c8e63e7360a514801c8"}
,"D:\\REPOS\\Thiago\\API_NODEJS\\dist\\app\\repositories\\crop.repository.js": {"path":"D:\\REPOS\\Thiago\\API_NODEJS\\dist\\app\\repositories\\crop.repository.js","statementMap":{"0":{"start":{"line":2,"column":17},"end":{"line":7,"column":1}},"1":{"start":{"line":3,"column":12},"end":{"line":3,"column":28}},"2":{"start":{"line":3,"column":34},"end":{"line":3,"column":125}},"3":{"start":{"line":4,"column":4},"end":{"line":5,"column":150}},"4":{"start":{"line":4,"column":79},"end":{"line":4,"column":131}},"5":{"start":{"line":5,"column":9},"end":{"line":5,"column":150}},"6":{"start":{"line":5,"column":22},"end":{"line":5,"column":43}},"7":{"start":{"line":5,"column":58},"end":{"line":5,"column":150}},"8":{"start":{"line":5,"column":81},"end":{"line":5,"column":150}},"9":{"start":{"line":6,"column":4},"end":{"line":6,"column":66}},"10":{"start":{"line":8,"column":17},"end":{"line":10,"column":1}},"11":{"start":{"line":9,"column":4},"end":{"line":9,"column":109}},"12":{"start":{"line":9,"column":79},"end":{"line":9,"column":109}},"13":{"start":{"line":11,"column":0},"end":{"line":11,"column":62}},"14":{"start":{"line":12,"column":0},"end":{"line":12,"column":32}},"15":{"start":{"line":13,"column":19},"end":{"line":13,"column":38}},"16":{"start":{"line":14,"column":21},"end":{"line":14,"column":51}},"17":{"start":{"line":15,"column":26},"end":{"line":15,"column":54}},"18":{"start":{"line":16,"column":21},"end":{"line":101,"column":1}},"19":{"start":{"line":18,"column":8},"end":{"line":18,"column":33}},"20":{"start":{"line":21,"column":8},"end":{"line":29,"column":9}},"21":{"start":{"line":22,"column":29},"end":{"line":24,"column":14}},"22":{"start":{"line":25,"column":12},"end":{"line":25,"column":28}},"23":{"start":{"line":28,"column":12},"end":{"line":28,"column":75}},"24":{"start":{"line":32,"column":8},"end":{"line":40,"column":9}},"25":{"start":{"line":33,"column":27},"end":{"line":35,"column":14}},"26":{"start":{"line":36,"column":12},"end":{"line":36,"column":26}},"27":{"start":{"line":39,"column":12},"end":{"line":39,"column":75}},"28":{"start":{"line":43,"column":8},"end":{"line":49,"column":9}},"29":{"start":{"line":44,"column":28},"end":{"line":44,"column":64}},"30":{"start":{"line":45,"column":12},"end":{"line":45,"column":27}},"31":{"start":{"line":48,"column":12},"end":{"line":48,"column":63}},"32":{"start":{"line":52,"column":8},"end":{"line":62,"column":9}},"33":{"start":{"line":53,"column":25},"end":{"line":53,"column":61}},"34":{"start":{"line":54,"column":12},"end":{"line":57,"column":13}},"35":{"start":{"line":55,"column":32},"end":{"line":55,"column":58}},"36":{"start":{"line":56,"column":16},"end":{"line":56,"column":31}},"37":{"start":{"line":58,"column":12},"end":{"line":58,"column":24}},"38":{"start":{"line":61,"column":12},"end":{"line":61,"column":72}},"39":{"start":{"line":65,"column":8},"end":{"line":73,"column":9}},"40":{"start":{"line":66,"column":25},"end":{"line":66,"column":61}},"41":{"start":{"line":67,"column":12},"end":{"line":69,"column":13}},"42":{"start":{"line":68,"column":16},"end":{"line":68,"column":37}},"43":{"start":{"line":72,"column":12},"end":{"line":72,"column":66}},"44":{"start":{"line":76,"column":8},"end":{"line":99,"column":9}},"45":{"start":{"line":77,"column":12},"end":{"line":77,"column":29}},"46":{"start":{"line":78,"column":27},"end":{"line":80,"column":14}},"47":{"start":{"line":81,"column":12},"end":{"line":81,"column":29}},"48":{"start":{"line":82,"column":12},"end":{"line":95,"column":15}},"49":{"start":{"line":83,"column":44},"end":{"line":83,"column":46}},"50":{"start":{"line":84,"column":16},"end":{"line":87,"column":19}},"51":{"start":{"line":85,"column":34},"end":{"line":85,"column":66}},"52":{"start":{"line":86,"column":20},"end":{"line":86,"column":70}},"53":{"start":{"line":88,"column":16},"end":{"line":88,"column":45}},"54":{"start":{"line":91,"column":16},"end":{"line":91,"column":27}},"55":{"start":{"line":94,"column":16},"end":{"line":94,"column":77}},"56":{"start":{"line":98,"column":12},"end":{"line":98,"column":75}},"57":{"start":{"line":102,"column":0},"end":{"line":105,"column":19}}},"fnMap":{"0":{"name":"(anonymous_0)","decl":{"start":{"line":2,"column":46},"end":{"line":2,"column":47}},"loc":{"start":{"line":2,"column":87},"end":{"line":7,"column":1}},"line":2},"1":{"name":"(anonymous_1)","decl":{"start":{"line":8,"column":46},"end":{"line":8,"column":47}},"loc":{"start":{"line":8,"column":62},"end":{"line":10,"column":1}},"line":8},"2":{"name":"(anonymous_2)","decl":{"start":{"line":17,"column":4},"end":{"line":17,"column":5}},"loc":{"start":{"line":17,"column":18},"end":{"line":19,"column":5}},"line":17},"3":{"name":"(anonymous_3)","decl":{"start":{"line":20,"column":4},"end":{"line":20,"column":5}},"loc":{"start":{"line":20,"column":25},"end":{"line":30,"column":5}},"line":20},"4":{"name":"(anonymous_4)","decl":{"start":{"line":31,"column":4},"end":{"line":31,"column":5}},"loc":{"start":{"line":31,"column":28},"end":{"line":41,"column":5}},"line":31},"5":{"name":"(anonymous_5)","decl":{"start":{"line":42,"column":4},"end":{"line":42,"column":5}},"loc":{"start":{"line":42,"column":23},"end":{"line":50,"column":5}},"line":42},"6":{"name":"(anonymous_6)","decl":{"start":{"line":51,"column":4},"end":{"line":51,"column":5}},"loc":{"start":{"line":51,"column":30},"end":{"line":63,"column":5}},"line":51},"7":{"name":"(anonymous_7)","decl":{"start":{"line":64,"column":4},"end":{"line":64,"column":5}},"loc":{"start":{"line":64,"column":21},"end":{"line":74,"column":5}},"line":64},"8":{"name":"(anonymous_8)","decl":{"start":{"line":75,"column":4},"end":{"line":75,"column":5}},"loc":{"start":{"line":75,"column":32},"end":{"line":100,"column":5}},"line":75},"9":{"name":"(anonymous_9)","decl":{"start":{"line":82,"column":31},"end":{"line":82,"column":32}},"loc":{"start":{"line":82,"column":52},"end":{"line":89,"column":13}},"line":82},"10":{"name":"(anonymous_10)","decl":{"start":{"line":84,"column":31},"end":{"line":84,"column":32}},"loc":{"start":{"line":84,"column":41},"end":{"line":87,"column":17}},"line":84},"11":{"name":"(anonymous_11)","decl":{"start":{"line":90,"column":22},"end":{"line":90,"column":23}},"loc":{"start":{"line":90,"column":31},"end":{"line":92,"column":13}},"line":90},"12":{"name":"(anonymous_12)","decl":{"start":{"line":93,"column":23},"end":{"line":93,"column":24}},"loc":{"start":{"line":93,"column":32},"end":{"line":95,"column":13}},"line":93}},"branchMap":{"0":{"loc":{"start":{"line":2,"column":17},"end":{"line":7,"column":1}},"type":"binary-expr","locations":[{"start":{"line":2,"column":18},"end":{"line":2,"column":22}},{"start":{"line":2,"column":26},"end":{"line":2,"column":41}},{"start":{"line":2,"column":46},"end":{"line":7,"column":1}}],"line":2},"1":{"loc":{"start":{"line":3,"column":34},"end":{"line":3,"column":125}},"type":"cond-expr","locations":[{"start":{"line":3,"column":42},"end":{"line":3,"column":48}},{"start":{"line":3,"column":51},"end":{"line":3,"column":125}}],"line":3},"2":{"loc":{"start":{"line":3,"column":51},"end":{"line":3,"column":125}},"type":"cond-expr","locations":[{"start":{"line":3,"column":67},"end":{"line":3,"column":118}},{"start":{"line":3,"column":121},"end":{"line":3,"column":125}}],"line":3},"3":{"loc":{"start":{"line":4,"column":4},"end":{"line":5,"column":150}},"type":"if","locations":[{"start":{"line":4,"column":4},"end":{"line":5,"column":150}},{"start":{"line":5,"column":9},"end":{"line":5,"column":150}}],"line":4},"4":{"loc":{"start":{"line":4,"column":8},"end":{"line":4,"column":77}},"type":"binary-expr","locations":[{"start":{"line":4,"column":8},"end":{"line":4,"column":35}},{"start":{"line":4,"column":39},"end":{"line":4,"column":77}}],"line":4},"5":{"loc":{"start":{"line":5,"column":58},"end":{"line":5,"column":150}},"type":"if","locations":[{"start":{"line":5,"column":58},"end":{"line":5,"column":150}},{"start":{},"end":{}}],"line":5},"6":{"loc":{"start":{"line":5,"column":85},"end":{"line":5,"column":149}},"type":"binary-expr","locations":[{"start":{"line":5,"column":86},"end":{"line":5,"column":143}},{"start":{"line":5,"column":148},"end":{"line":5,"column":149}}],"line":5},"7":{"loc":{"start":{"line":5,"column":86},"end":{"line":5,"column":143}},"type":"cond-expr","locations":[{"start":{"line":5,"column":94},"end":{"line":5,"column":98}},{"start":{"line":5,"column":101},"end":{"line":5,"column":143}}],"line":5},"8":{"loc":{"start":{"line":5,"column":101},"end":{"line":5,"column":143}},"type":"cond-expr","locations":[{"start":{"line":5,"column":109},"end":{"line":5,"column":126}},{"start":{"line":5,"column":129},"end":{"line":5,"column":143}}],"line":5},"9":{"loc":{"start":{"line":6,"column":11},"end":{"line":6,"column":62}},"type":"binary-expr","locations":[{"start":{"line":6,"column":11},"end":{"line":6,"column":16}},{"start":{"line":6,"column":20},"end":{"line":6,"column":21}},{"start":{"line":6,"column":25},"end":{"line":6,"column":62}}],"line":6},"10":{"loc":{"start":{"line":8,"column":17},"end":{"line":10,"column":1}},"type":"binary-expr","locations":[{"start":{"line":8,"column":18},"end":{"line":8,"column":22}},{"start":{"line":8,"column":26},"end":{"line":8,"column":41}},{"start":{"line":8,"column":46},"end":{"line":10,"column":1}}],"line":8},"11":{"loc":{"start":{"line":9,"column":4},"end":{"line":9,"column":109}},"type":"if","locations":[{"start":{"line":9,"column":4},"end":{"line":9,"column":109}},{"start":{},"end":{}}],"line":9},"12":{"loc":{"start":{"line":9,"column":8},"end":{"line":9,"column":77}},"type":"binary-expr","locations":[{"start":{"line":9,"column":8},"end":{"line":9,"column":35}},{"start":{"line":9,"column":39},"end":{"line":9,"column":77}}],"line":9},"13":{"loc":{"start":{"line":54,"column":12},"end":{"line":57,"column":13}},"type":"if","locations":[{"start":{"line":54,"column":12},"end":{"line":57,"column":13}},{"start":{},"end":{}}],"line":54},"14":{"loc":{"start":{"line":67,"column":12},"end":{"line":69,"column":13}},"type":"if","locations":[{"start":{"line":67,"column":12},"end":{"line":69,"column":13}},{"start":{},"end":{}}],"line":67}},"s":{"0":1,"1":1,"2":1,"3":1,"4":1,"5":0,"6":0,"7":0,"8":0,"9":1,"10":1,"11":1,"12":1,"13":1,"14":1,"15":1,"16":1,"17":1,"18":1,"19":11,"20":0,"21":0,"22":0,"23":0,"24":0,"25":0,"26":0,"27":0,"28":0,"29":0,"30":0,"31":0,"32":0,"33":0,"34":0,"35":0,"36":0,"37":0,"38":0,"39":0,"40":0,"41":0,"42":0,"43":0,"44":0,"45":0,"46":0,"47":0,"48":0,"49":0,"50":0,"51":0,"52":0,"53":0,"54":0,"55":0,"56":0,"57":1},"f":{"0":1,"1":1,"2":11,"3":0,"4":0,"5":0,"6":0,"7":0,"8":0,"9":0,"10":0,"11":0,"12":0},"b":{"0":[1,1,1],"1":[1,0],"2":[0,0],"3":[1,0],"4":[1,1],"5":[0,0],"6":[0,0],"7":[0,0],"8":[0,0],"9":[1,0,0],"10":[1,1,1],"11":[1,0],"12":[1,1],"13":[0,0],"14":[0,0]},"inputSourceMap":null,"_coverageSchema":"1a1c01bbd47fc00a2c39e90264f33305004495a9","hash":"d418a8e9c15365cc486171c2b30ae82771c09cca"}
,"D:\\REPOS\\Thiago\\API_NODEJS\\dist\\app\\repositories\\farm-crop.repository.js": {"path":"D:\\REPOS\\Thiago\\API_NODEJS\\dist\\app\\repositories\\farm-crop.repository.js","statementMap":{"0":{"start":{"line":2,"column":17},"end":{"line":7,"column":1}},"1":{"start":{"line":3,"column":12},"end":{"line":3,"column":28}},"2":{"start":{"line":3,"column":34},"end":{"line":3,"column":125}},"3":{"start":{"line":4,"column":4},"end":{"line":5,"column":150}},"4":{"start":{"line":4,"column":79},"end":{"line":4,"column":131}},"5":{"start":{"line":5,"column":9},"end":{"line":5,"column":150}},"6":{"start":{"line":5,"column":22},"end":{"line":5,"column":43}},"7":{"start":{"line":5,"column":58},"end":{"line":5,"column":150}},"8":{"start":{"line":5,"column":81},"end":{"line":5,"column":150}},"9":{"start":{"line":6,"column":4},"end":{"line":6,"column":66}},"10":{"start":{"line":8,"column":17},"end":{"line":10,"column":1}},"11":{"start":{"line":9,"column":4},"end":{"line":9,"column":109}},"12":{"start":{"line":9,"column":79},"end":{"line":9,"column":109}},"13":{"start":{"line":11,"column":0},"end":{"line":11,"column":62}},"14":{"start":{"line":12,"column":0},"end":{"line":12,"column":36}},"15":{"start":{"line":13,"column":19},"end":{"line":13,"column":38}},"16":{"start":{"line":14,"column":26},"end":{"line":14,"column":61}},"17":{"start":{"line":15,"column":26},"end":{"line":15,"column":54}},"18":{"start":{"line":16,"column":25},"end":{"line":53,"column":1}},"19":{"start":{"line":18,"column":8},"end":{"line":18,"column":42}},"20":{"start":{"line":21,"column":8},"end":{"line":27,"column":9}},"21":{"start":{"line":22,"column":28},"end":{"line":22,"column":73}},"22":{"start":{"line":23,"column":12},"end":{"line":23,"column":27}},"23":{"start":{"line":26,"column":12},"end":{"line":26,"column":63}},"24":{"start":{"line":30,"column":8},"end":{"line":40,"column":9}},"25":{"start":{"line":31,"column":25},"end":{"line":31,"column":70}},"26":{"start":{"line":32,"column":12},"end":{"line":35,"column":13}},"27":{"start":{"line":33,"column":32},"end":{"line":33,"column":58}},"28":{"start":{"line":34,"column":16},"end":{"line":34,"column":31}},"29":{"start":{"line":36,"column":12},"end":{"line":36,"column":24}},"30":{"start":{"line":39,"column":12},"end":{"line":39,"column":72}},"31":{"start":{"line":43,"column":8},"end":{"line":51,"column":9}},"32":{"start":{"line":44,"column":25},"end":{"line":44,"column":70}},"33":{"start":{"line":45,"column":12},"end":{"line":47,"column":13}},"34":{"start":{"line":46,"column":16},"end":{"line":46,"column":37}},"35":{"start":{"line":50,"column":12},"end":{"line":50,"column":66}},"36":{"start":{"line":54,"column":0},"end":{"line":57,"column":23}}},"fnMap":{"0":{"name":"(anonymous_0)","decl":{"start":{"line":2,"column":46},"end":{"line":2,"column":47}},"loc":{"start":{"line":2,"column":87},"end":{"line":7,"column":1}},"line":2},"1":{"name":"(anonymous_1)","decl":{"start":{"line":8,"column":46},"end":{"line":8,"column":47}},"loc":{"start":{"line":8,"column":62},"end":{"line":10,"column":1}},"line":8},"2":{"name":"(anonymous_2)","decl":{"start":{"line":17,"column":4},"end":{"line":17,"column":5}},"loc":{"start":{"line":17,"column":18},"end":{"line":19,"column":5}},"line":17},"3":{"name":"(anonymous_3)","decl":{"start":{"line":20,"column":4},"end":{"line":20,"column":5}},"loc":{"start":{"line":20,"column":23},"end":{"line":28,"column":5}},"line":20},"4":{"name":"(anonymous_4)","decl":{"start":{"line":29,"column":4},"end":{"line":29,"column":5}},"loc":{"start":{"line":29,"column":30},"end":{"line":41,"column":5}},"line":29},"5":{"name":"(anonymous_5)","decl":{"start":{"line":42,"column":4},"end":{"line":42,"column":5}},"loc":{"start":{"line":42,"column":21},"end":{"line":52,"column":5}},"line":42}},"branchMap":{"0":{"loc":{"start":{"line":2,"column":17},"end":{"line":7,"column":1}},"type":"binary-expr","locations":[{"start":{"line":2,"column":18},"end":{"line":2,"column":22}},{"start":{"line":2,"column":26},"end":{"line":2,"column":41}},{"start":{"line":2,"column":46},"end":{"line":7,"column":1}}],"line":2},"1":{"loc":{"start":{"line":3,"column":34},"end":{"line":3,"column":125}},"type":"cond-expr","locations":[{"start":{"line":3,"column":42},"end":{"line":3,"column":48}},{"start":{"line":3,"column":51},"end":{"line":3,"column":125}}],"line":3},"2":{"loc":{"start":{"line":3,"column":51},"end":{"line":3,"column":125}},"type":"cond-expr","locations":[{"start":{"line":3,"column":67},"end":{"line":3,"column":118}},{"start":{"line":3,"column":121},"end":{"line":3,"column":125}}],"line":3},"3":{"loc":{"start":{"line":4,"column":4},"end":{"line":5,"column":150}},"type":"if","locations":[{"start":{"line":4,"column":4},"end":{"line":5,"column":150}},{"start":{"line":5,"column":9},"end":{"line":5,"column":150}}],"line":4},"4":{"loc":{"start":{"line":4,"column":8},"end":{"line":4,"column":77}},"type":"binary-expr","locations":[{"start":{"line":4,"column":8},"end":{"line":4,"column":35}},{"start":{"line":4,"column":39},"end":{"line":4,"column":77}}],"line":4},"5":{"loc":{"start":{"line":5,"column":58},"end":{"line":5,"column":150}},"type":"if","locations":[{"start":{"line":5,"column":58},"end":{"line":5,"column":150}},{"start":{},"end":{}}],"line":5},"6":{"loc":{"start":{"line":5,"column":85},"end":{"line":5,"column":149}},"type":"binary-expr","locations":[{"start":{"line":5,"column":86},"end":{"line":5,"column":143}},{"start":{"line":5,"column":148},"end":{"line":5,"column":149}}],"line":5},"7":{"loc":{"start":{"line":5,"column":86},"end":{"line":5,"column":143}},"type":"cond-expr","locations":[{"start":{"line":5,"column":94},"end":{"line":5,"column":98}},{"start":{"line":5,"column":101},"end":{"line":5,"column":143}}],"line":5},"8":{"loc":{"start":{"line":5,"column":101},"end":{"line":5,"column":143}},"type":"cond-expr","locations":[{"start":{"line":5,"column":109},"end":{"line":5,"column":126}},{"start":{"line":5,"column":129},"end":{"line":5,"column":143}}],"line":5},"9":{"loc":{"start":{"line":6,"column":11},"end":{"line":6,"column":62}},"type":"binary-expr","locations":[{"start":{"line":6,"column":11},"end":{"line":6,"column":16}},{"start":{"line":6,"column":20},"end":{"line":6,"column":21}},{"start":{"line":6,"column":25},"end":{"line":6,"column":62}}],"line":6},"10":{"loc":{"start":{"line":8,"column":17},"end":{"line":10,"column":1}},"type":"binary-expr","locations":[{"start":{"line":8,"column":18},"end":{"line":8,"column":22}},{"start":{"line":8,"column":26},"end":{"line":8,"column":41}},{"start":{"line":8,"column":46},"end":{"line":10,"column":1}}],"line":8},"11":{"loc":{"start":{"line":9,"column":4},"end":{"line":9,"column":109}},"type":"if","locations":[{"start":{"line":9,"column":4},"end":{"line":9,"column":109}},{"start":{},"end":{}}],"line":9},"12":{"loc":{"start":{"line":9,"column":8},"end":{"line":9,"column":77}},"type":"binary-expr","locations":[{"start":{"line":9,"column":8},"end":{"line":9,"column":35}},{"start":{"line":9,"column":39},"end":{"line":9,"column":77}}],"line":9},"13":{"loc":{"start":{"line":32,"column":12},"end":{"line":35,"column":13}},"type":"if","locations":[{"start":{"line":32,"column":12},"end":{"line":35,"column":13}},{"start":{},"end":{}}],"line":32},"14":{"loc":{"start":{"line":45,"column":12},"end":{"line":47,"column":13}},"type":"if","locations":[{"start":{"line":45,"column":12},"end":{"line":47,"column":13}},{"start":{},"end":{}}],"line":45}},"s":{"0":1,"1":1,"2":1,"3":1,"4":1,"5":0,"6":0,"7":0,"8":0,"9":1,"10":1,"11":1,"12":1,"13":1,"14":1,"15":1,"16":1,"17":1,"18":1,"19":11,"20":1,"21":1,"22":0,"23":0,"24":0,"25":0,"26":0,"27":0,"28":0,"29":0,"30":0,"31":0,"32":0,"33":0,"34":0,"35":0,"36":1},"f":{"0":1,"1":1,"2":11,"3":1,"4":0,"5":0},"b":{"0":[1,1,1],"1":[1,0],"2":[0,0],"3":[1,0],"4":[1,1],"5":[0,0],"6":[0,0],"7":[0,0],"8":[0,0],"9":[1,0,0],"10":[1,1,1],"11":[1,0],"12":[1,1],"13":[0,0],"14":[0,0]},"inputSourceMap":null,"_coverageSchema":"1a1c01bbd47fc00a2c39e90264f33305004495a9","hash":"8543b78840a1e238c9b623ce2f0e4664045779db"}
,"D:\\REPOS\\Thiago\\API_NODEJS\\dist\\app\\repositories\\farm.repository.js": {"path":"D:\\REPOS\\Thiago\\API_NODEJS\\dist\\app\\repositories\\farm.repository.js","statementMap":{"0":{"start":{"line":2,"column":22},"end":{"line":4,"column":1}},"1":{"start":{"line":3,"column":4},"end":{"line":3,"column":62}},"2":{"start":{"line":5,"column":0},"end":{"line":5,"column":62}},"3":{"start":{"line":6,"column":0},"end":{"line":6,"column":32}},"4":{"start":{"line":7,"column":20},"end":{"line":7,"column":57}},"5":{"start":{"line":8,"column":21},"end":{"line":8,"column":51}},"6":{"start":{"line":9,"column":26},"end":{"line":9,"column":54}},"7":{"start":{"line":12,"column":8},"end":{"line":12,"column":33}},"8":{"start":{"line":15,"column":8},"end":{"line":23,"column":9}},"9":{"start":{"line":16,"column":29},"end":{"line":18,"column":14}},"10":{"start":{"line":19,"column":12},"end":{"line":19,"column":28}},"11":{"start":{"line":22,"column":12},"end":{"line":22,"column":75}},"12":{"start":{"line":26,"column":8},"end":{"line":34,"column":9}},"13":{"start":{"line":27,"column":27},"end":{"line":29,"column":14}},"14":{"start":{"line":30,"column":12},"end":{"line":30,"column":26}},"15":{"start":{"line":33,"column":12},"end":{"line":33,"column":75}},"16":{"start":{"line":37,"column":8},"end":{"line":43,"column":9}},"17":{"start":{"line":38,"column":32},"end":{"line":38,"column":68}},"18":{"start":{"line":39,"column":12},"end":{"line":39,"column":31}},"19":{"start":{"line":42,"column":12},"end":{"line":42,"column":63}},"20":{"start":{"line":46,"column":8},"end":{"line":56,"column":9}},"21":{"start":{"line":47,"column":25},"end":{"line":47,"column":61}},"22":{"start":{"line":48,"column":12},"end":{"line":51,"column":13}},"23":{"start":{"line":49,"column":32},"end":{"line":49,"column":58}},"24":{"start":{"line":50,"column":16},"end":{"line":50,"column":31}},"25":{"start":{"line":52,"column":12},"end":{"line":52,"column":24}},"26":{"start":{"line":55,"column":12},"end":{"line":55,"column":72}},"27":{"start":{"line":59,"column":8},"end":{"line":67,"column":9}},"28":{"start":{"line":60,"column":25},"end":{"line":60,"column":61}},"29":{"start":{"line":61,"column":12},"end":{"line":63,"column":13}},"30":{"start":{"line":62,"column":16},"end":{"line":62,"column":37}},"31":{"start":{"line":66,"column":12},"end":{"line":66,"column":65}},"32":{"start":{"line":70,"column":8},"end":{"line":76,"column":9}},"33":{"start":{"line":71,"column":29},"end":{"line":71,"column":60}},"34":{"start":{"line":72,"column":12},"end":{"line":72,"column":28}},"35":{"start":{"line":75,"column":12},"end":{"line":75,"column":75}},"36":{"start":{"line":79,"column":8},"end":{"line":85,"column":9}},"37":{"start":{"line":80,"column":29},"end":{"line":80,"column":69}},"38":{"start":{"line":81,"column":12},"end":{"line":81,"column":28}},"39":{"start":{"line":84,"column":12},"end":{"line":84,"column":75}},"40":{"start":{"line":88,"column":8},"end":{"line":100,"column":9}},"41":{"start":{"line":89,"column":28},"end":{"line":95,"column":14}},"42":{"start":{"line":96,"column":12},"end":{"line":96,"column":27}},"43":{"start":{"line":99,"column":12},"end":{"line":99,"column":75}},"44":{"start":{"line":103,"column":0},"end":{"line":103,"column":40}}},"fnMap":{"0":{"name":"(anonymous_0)","decl":{"start":{"line":2,"column":56},"end":{"line":2,"column":57}},"loc":{"start":{"line":2,"column":71},"end":{"line":4,"column":1}},"line":2},"1":{"name":"(anonymous_1)","decl":{"start":{"line":11,"column":4},"end":{"line":11,"column":5}},"loc":{"start":{"line":11,"column":18},"end":{"line":13,"column":5}},"line":11},"2":{"name":"(anonymous_2)","decl":{"start":{"line":14,"column":4},"end":{"line":14,"column":5}},"loc":{"start":{"line":14,"column":25},"end":{"line":24,"column":5}},"line":14},"3":{"name":"(anonymous_3)","decl":{"start":{"line":25,"column":4},"end":{"line":25,"column":5}},"loc":{"start":{"line":25,"column":28},"end":{"line":35,"column":5}},"line":25},"4":{"name":"(anonymous_4)","decl":{"start":{"line":36,"column":4},"end":{"line":36,"column":5}},"loc":{"start":{"line":36,"column":23},"end":{"line":44,"column":5}},"line":36},"5":{"name":"(anonymous_5)","decl":{"start":{"line":45,"column":4},"end":{"line":45,"column":5}},"loc":{"start":{"line":45,"column":30},"end":{"line":57,"column":5}},"line":45},"6":{"name":"(anonymous_6)","decl":{"start":{"line":58,"column":4},"end":{"line":58,"column":5}},"loc":{"start":{"line":58,"column":21},"end":{"line":68,"column":5}},"line":58},"7":{"name":"(anonymous_7)","decl":{"start":{"line":69,"column":4},"end":{"line":69,"column":5}},"loc":{"start":{"line":69,"column":26},"end":{"line":77,"column":5}},"line":69},"8":{"name":"(anonymous_8)","decl":{"start":{"line":78,"column":4},"end":{"line":78,"column":5}},"loc":{"start":{"line":78,"column":35},"end":{"line":86,"column":5}},"line":78},"9":{"name":"(anonymous_9)","decl":{"start":{"line":87,"column":4},"end":{"line":87,"column":5}},"loc":{"start":{"line":87,"column":33},"end":{"line":101,"column":5}},"line":87}},"branchMap":{"0":{"loc":{"start":{"line":2,"column":22},"end":{"line":4,"column":1}},"type":"binary-expr","locations":[{"start":{"line":2,"column":23},"end":{"line":2,"column":27}},{"start":{"line":2,"column":31},"end":{"line":2,"column":51}},{"start":{"line":2,"column":56},"end":{"line":4,"column":1}}],"line":2},"1":{"loc":{"start":{"line":3,"column":11},"end":{"line":3,"column":61}},"type":"cond-expr","locations":[{"start":{"line":3,"column":37},"end":{"line":3,"column":40}},{"start":{"line":3,"column":43},"end":{"line":3,"column":61}}],"line":3},"2":{"loc":{"start":{"line":3,"column":12},"end":{"line":3,"column":33}},"type":"binary-expr","locations":[{"start":{"line":3,"column":12},"end":{"line":3,"column":15}},{"start":{"line":3,"column":19},"end":{"line":3,"column":33}}],"line":3},"3":{"loc":{"start":{"line":48,"column":12},"end":{"line":51,"column":13}},"type":"if","locations":[{"start":{"line":48,"column":12},"end":{"line":51,"column":13}},{"start":{},"end":{}}],"line":48},"4":{"loc":{"start":{"line":61,"column":12},"end":{"line":63,"column":13}},"type":"if","locations":[{"start":{"line":61,"column":12},"end":{"line":63,"column":13}},{"start":{},"end":{}}],"line":61}},"s":{"0":1,"1":1,"2":1,"3":1,"4":1,"5":1,"6":1,"7":11,"8":0,"9":0,"10":0,"11":0,"12":1,"13":1,"14":1,"15":0,"16":0,"17":0,"18":0,"19":0,"20":0,"21":0,"22":0,"23":0,"24":0,"25":0,"26":0,"27":0,"28":0,"29":0,"30":0,"31":0,"32":0,"33":0,"34":0,"35":0,"36":0,"37":0,"38":0,"39":0,"40":0,"41":0,"42":0,"43":0,"44":1},"f":{"0":1,"1":11,"2":0,"3":1,"4":0,"5":0,"6":0,"7":0,"8":0,"9":0},"b":{"0":[1,1,1],"1":[0,1],"2":[1,1],"3":[0,0],"4":[0,0]},"inputSourceMap":null,"_coverageSchema":"1a1c01bbd47fc00a2c39e90264f33305004495a9","hash":"5e7ecc6ad5498ab07f61ed0e0a1355ee6f1b9f63"}
,"D:\\REPOS\\Thiago\\API_NODEJS\\dist\\app\\repositories\\repository-base.js": {"path":"D:\\REPOS\\Thiago\\API_NODEJS\\dist\\app\\repositories\\repository-base.js","statementMap":{"0":{"start":{"line":2,"column":0},"end":{"line":2,"column":62}},"1":{"start":{"line":3,"column":0},"end":{"line":3,"column":32}},"2":{"start":{"line":7,"column":8},"end":{"line":7,"column":27}},"3":{"start":{"line":10,"column":8},"end":{"line":16,"column":9}},"4":{"start":{"line":11,"column":29},"end":{"line":11,"column":55}},"5":{"start":{"line":12,"column":12},"end":{"line":12,"column":28}},"6":{"start":{"line":15,"column":12},"end":{"line":15,"column":75}},"7":{"start":{"line":19,"column":8},"end":{"line":25,"column":9}},"8":{"start":{"line":20,"column":27},"end":{"line":20,"column":56}},"9":{"start":{"line":21,"column":12},"end":{"line":21,"column":26}},"10":{"start":{"line":24,"column":12},"end":{"line":24,"column":77}},"11":{"start":{"line":28,"column":0},"end":{"line":28,"column":40}}},"fnMap":{"0":{"name":"(anonymous_0)","decl":{"start":{"line":6,"column":4},"end":{"line":6,"column":5}},"loc":{"start":{"line":6,"column":23},"end":{"line":8,"column":5}},"line":6},"1":{"name":"(anonymous_1)","decl":{"start":{"line":9,"column":4},"end":{"line":9,"column":5}},"loc":{"start":{"line":9,"column":19},"end":{"line":17,"column":5}},"line":9},"2":{"name":"(anonymous_2)","decl":{"start":{"line":18,"column":4},"end":{"line":18,"column":5}},"loc":{"start":{"line":18,"column":22},"end":{"line":26,"column":5}},"line":18}},"branchMap":{},"s":{"0":2,"1":2,"2":33,"3":0,"4":0,"5":0,"6":0,"7":0,"8":0,"9":0,"10":0,"11":2},"f":{"0":33,"1":0,"2":0},"b":{},"inputSourceMap":null,"_coverageSchema":"1a1c01bbd47fc00a2c39e90264f33305004495a9","hash":"9dfbbe5a66e8093d5af119f38af437e98ff43ea8"}
,"D:\\REPOS\\Thiago\\API_NODEJS\\test\\helper\\mock-helper.ts": {"path":"D:\\REPOS\\Thiago\\API_NODEJS\\test\\helper\\mock-helper.ts","statementMap":{"0":{"start":{"line":3,"column":4},"end":{"line":7,"column":6}},"1":{"start":{"line":11,"column":4},"end":{"line":11,"column":37}},"2":{"start":{"line":15,"column":4},"end":{"line":27,"column":6}},"3":{"start":{"line":31,"column":4},"end":{"line":31,"column":37}},"4":{"start":{"line":1,"column":0},"end":{"line":1,"column":13}}},"fnMap":{"0":{"name":"(anonymous_0)","decl":{"start":{"line":2,"column":9},"end":{"line":2,"column":16}},"loc":{"start":{"line":2,"column":16},"end":{"line":8,"column":3}}},"1":{"name":"(anonymous_1)","decl":{"start":{"line":10,"column":9},"end":{"line":10,"column":20}},"loc":{"start":{"line":10,"column":20},"end":{"line":12,"column":3}}},"2":{"name":"(anonymous_2)","decl":{"start":{"line":14,"column":9},"end":{"line":14,"column":16}},"loc":{"start":{"line":14,"column":16},"end":{"line":28,"column":3}}},"3":{"name":"(anonymous_3)","decl":{"start":{"line":30,"column":9},"end":{"line":30,"column":20}},"loc":{"start":{"line":30,"column":20},"end":{"line":32,"column":3}}}},"branchMap":{},"s":{"0":0,"1":0,"2":2,"3":1,"4":1},"f":{"0":0,"1":0,"2":2,"3":1},"b":{}}
}
