{"D:\\REPOS\\Thiago\\API_NODEJS\\app\\config\\database\\postgresql-config.ts": {"path":"D:\\REPOS\\Thiago\\API_NODEJS\\app\\config\\database\\postgresql-config.ts","statementMap":{"0":{"start":{"line":1,"column":0},"end":{"line":1,"column":38}},"1":{"start":{"line":2,"column":0},"end":{"line":2,"column":57}},"2":{"start":{"line":4,"column":34},"end":{"line":11,"column":2}},"3":{"start":{"line":13,"column":9},"end":{"line":13,"column":34}}},"fnMap":{},"branchMap":{},"s":{"0":1,"1":1,"2":1,"3":1},"f":{},"b":{}}
,"D:\\REPOS\\Thiago\\API_NODEJS\\app\\config\\database\\table-names.enum.ts": {"path":"D:\\REPOS\\Thiago\\API_NODEJS\\app\\config\\database\\table-names.enum.ts","statementMap":{"0":{"start":{"line":1,"column":0},"end":{"line":1,"column":null}},"1":{"start":{"line":2,"column":2},"end":{"line":2,"column":null}},"2":{"start":{"line":3,"column":2},"end":{"line":3,"column":null}},"3":{"start":{"line":4,"column":2},"end":{"line":4,"column":null}}},"fnMap":{"0":{"name":"(anonymous_0)","decl":{"start":{"line":1,"column":0},"end":{"line":1,"column":12}},"loc":{"start":{"line":1,"column":22},"end":{"line":5,"column":1}}}},"branchMap":{"0":{"loc":{"start":{"line":1,"column":12},"end":{"line":1,"column":null}},"type":"binary-expr","locations":[{"start":{"line":1,"column":12},"end":{"line":1,"column":22}},{"start":{"line":1,"column":22},"end":{"line":1,"column":null}}]}},"s":{"0":1,"1":1,"2":1,"3":1},"f":{"0":1},"b":{"0":[1,1]}}
,"D:\\REPOS\\Thiago\\API_NODEJS\\app\\config\\environment\\environment.ts": {"path":"D:\\REPOS\\Thiago\\API_NODEJS\\app\\config\\environment\\environment.ts","statementMap":{"0":{"start":{"line":1,"column":0},"end":{"line":1,"column":28}},"1":{"start":{"line":2,"column":0},"end":{"line":2,"column":35}},"2":{"start":{"line":4,"column":0},"end":{"line":4,"column":16}},"3":{"start":{"line":6,"column":20},"end":{"line":13,"column":2}},"4":{"start":{"line":15,"column":9},"end":{"line":15,"column":20}}},"fnMap":{},"branchMap":{"0":{"loc":{"start":{"line":7,"column":17},"end":{"line":7,"column":38}},"type":"binary-expr","locations":[{"start":{"line":7,"column":17},"end":{"line":7,"column":28}},{"start":{"line":7,"column":32},"end":{"line":7,"column":38}}]},"1":{"loc":{"start":{"line":8,"column":11},"end":{"line":8,"column":37}},"type":"binary-expr","locations":[{"start":{"line":8,"column":11},"end":{"line":8,"column":22}},{"start":{"line":8,"column":26},"end":{"line":8,"column":37}}]},"2":{"loc":{"start":{"line":9,"column":20},"end":{"line":9,"column":41}},"type":"binary-expr","locations":[{"start":{"line":9,"column":20},"end":{"line":9,"column":31}},{"start":{"line":9,"column":35},"end":{"line":9,"column":41}}]}},"s":{"0":1,"1":1,"2":1,"3":1,"4":1},"f":{},"b":{"0":[1,0],"1":[1,0],"2":[1,0]}}
,"D:\\REPOS\\Thiago\\API_NODEJS\\app\\controller\\farm.controller.ts": {"path":"D:\\REPOS\\Thiago\\API_NODEJS\\app\\controller\\farm.controller.ts","statementMap":{"0":{"start":{"line":2,"column":0},"end":{"line":2,"column":null}},"1":{"start":{"line":12,"column":0},"end":{"line":12,"column":38}},"2":{"start":{"line":14,"column":0},"end":{"line":14,"column":43}},"3":{"start":{"line":16,"column":0},"end":{"line":16,"column":74}},"4":{"start":{"line":17,"column":0},"end":{"line":17,"column":65}},"5":{"start":{"line":21,"column":27},"end":{"line":121,"column":null}},"6":{"start":{"line":23,"column":21},"end":{"line":23,"column":37}},"7":{"start":{"line":24,"column":21},"end":{"line":24,"column":41}},"8":{"start":{"line":29,"column":4},"end":{"line":37,"column":null}},"9":{"start":{"line":30,"column":20},"end":{"line":30,"column":60}},"10":{"start":{"line":31,"column":6},"end":{"line":31,"column":34}},"11":{"start":{"line":33,"column":6},"end":{"line":36,"column":9}},"12":{"start":{"line":42,"column":4},"end":{"line":50,"column":null}},"13":{"start":{"line":43,"column":19},"end":{"line":43,"column":62}},"14":{"start":{"line":44,"column":6},"end":{"line":44,"column":33}},"15":{"start":{"line":46,"column":6},"end":{"line":49,"column":9}},"16":{"start":{"line":55,"column":4},"end":{"line":82,"column":null}},"17":{"start":{"line":56,"column":36},"end":{"line":56,"column":40}},"18":{"start":{"line":57,"column":19},"end":{"line":57,"column":57}},"19":{"start":{"line":58,"column":6},"end":{"line":76,"column":null}},"20":{"start":{"line":59,"column":8},"end":{"line":75,"column":11}},"21":{"start":{"line":60,"column":10},"end":{"line":68,"column":13}},"22":{"start":{"line":61,"column":25},"end":{"line":61,"column":48}},"23":{"start":{"line":62,"column":12},"end":{"line":67,"column":null}},"24":{"start":{"line":63,"column":31},"end":{"line":66,"column":16}},"25":{"start":{"line":69,"column":10},"end":{"line":69,"column":20}},"26":{"start":{"line":71,"column":32},"end":{"line":72,"column":null}},"27":{"start":{"line":74,"column":10},"end":{"line":74,"column":46}},"28":{"start":{"line":78,"column":6},"end":{"line":81,"column":9}},"29":{"start":{"line":90,"column":19},"end":{"line":90,"column":23}},"30":{"start":{"line":91,"column":4},"end":{"line":105,"column":null}},"31":{"start":{"line":92,"column":37},"end":{"line":92,"column":41}},"32":{"start":{"line":94,"column":26},"end":{"line":94,"column":71}},"33":{"start":{"line":96,"column":6},"end":{"line":100,"column":null}},"34":{"start":{"line":97,"column":8},"end":{"line":97,"column":42}},"35":{"start":{"line":99,"column":8},"end":{"line":99,"column":62}},"36":{"start":{"line":102,"column":6},"end":{"line":104,"column":9}},"37":{"start":{"line":113,"column":4},"end":{"line":119,"column":null}},"38":{"start":{"line":114,"column":21},"end":{"line":114,"column":25}},"39":{"start":{"line":115,"column":6},"end":{"line":115,"column":43}},"40":{"start":{"line":116,"column":6},"end":{"line":116,"column":28}},"41":{"start":{"line":118,"column":6},"end":{"line":118,"column":65}},"42":{"start":{"line":28,"column":15},"end":{"line":38,"column":null}},"43":{"start":{"line":41,"column":15},"end":{"line":51,"column":null}},"44":{"start":{"line":54,"column":15},"end":{"line":83,"column":null}},"45":{"start":{"line":86,"column":15},"end":{"line":106,"column":null}},"46":{"start":{"line":109,"column":15},"end":{"line":120,"column":null}},"47":{"start":{"line":21,"column":13},"end":{"line":121,"column":null}}},"fnMap":{"0":{"name":"(anonymous_4)","decl":{"start":{"line":22,"column":2},"end":{"line":22,"column":null}},"loc":{"start":{"line":24,"column":59},"end":{"line":25,"column":6}}},"1":{"name":"(anonymous_5)","decl":{"start":{"line":28,"column":9},"end":{"line":28,"column":14}},"loc":{"start":{"line":28,"column":42},"end":{"line":38,"column":3}}},"2":{"name":"(anonymous_6)","decl":{"start":{"line":41,"column":9},"end":{"line":41,"column":14}},"loc":{"start":{"line":41,"column":68},"end":{"line":51,"column":3}}},"3":{"name":"(anonymous_7)","decl":{"start":{"line":54,"column":9},"end":{"line":54,"column":14}},"loc":{"start":{"line":54,"column":65},"end":{"line":83,"column":3}}},"4":{"name":"(anonymous_8)","decl":{"start":{"line":59,"column":33},"end":{"line":59,"column":34}},"loc":{"start":{"line":59,"column":53},"end":{"line":70,"column":9}}},"5":{"name":"(anonymous_9)","decl":{"start":{"line":60,"column":23},"end":{"line":60,"column":28}},"loc":{"start":{"line":60,"column":36},"end":{"line":68,"column":11}}},"6":{"name":"(anonymous_10)","decl":{"start":{"line":70,"column":16},"end":{"line":70,"column":21}},"loc":{"start":{"line":70,"column":27},"end":{"line":75,"column":9}}},"7":{"name":"(anonymous_11)","decl":{"start":{"line":86,"column":9},"end":{"line":86,"column":14}},"loc":{"start":{"line":88,"column":23},"end":{"line":106,"column":3}}},"8":{"name":"(anonymous_12)","decl":{"start":{"line":109,"column":9},"end":{"line":109,"column":14}},"loc":{"start":{"line":111,"column":23},"end":{"line":120,"column":3}}}},"branchMap":{"0":{"loc":{"start":{"line":58,"column":6},"end":{"line":76,"column":null}},"type":"if","locations":[{"start":{"line":58,"column":6},"end":{"line":76,"column":null}}]},"1":{"loc":{"start":{"line":58,"column":10},"end":{"line":58,"column":41}},"type":"binary-expr","locations":[{"start":{"line":58,"column":10},"end":{"line":58,"column":18}},{"start":{"line":58,"column":22},"end":{"line":58,"column":41}}]},"2":{"loc":{"start":{"line":62,"column":12},"end":{"line":67,"column":null}},"type":"if","locations":[{"start":{"line":62,"column":12},"end":{"line":67,"column":null}}]},"3":{"loc":{"start":{"line":96,"column":6},"end":{"line":100,"column":null}},"type":"if","locations":[{"start":{"line":96,"column":6},"end":{"line":100,"column":null}},{"start":{"line":98,"column":13},"end":{"line":100,"column":null}}]}},"s":{"0":1,"1":1,"2":1,"3":1,"4":1,"5":1,"6":2,"7":2,"8":2,"9":2,"10":1,"11":1,"12":0,"13":0,"14":0,"15":0,"16":0,"17":0,"18":0,"19":0,"20":0,"21":0,"22":0,"23":0,"24":0,"25":0,"26":0,"27":0,"28":0,"29":0,"30":0,"31":0,"32":0,"33":0,"34":0,"35":0,"36":0,"37":0,"38":0,"39":0,"40":0,"41":0,"42":1,"43":1,"44":1,"45":1,"46":1,"47":1},"f":{"0":2,"1":2,"2":0,"3":0,"4":0,"5":0,"6":0,"7":0,"8":0},"b":{"0":[0],"1":[0,0],"2":[0],"3":[0,0]}}
,"D:\\REPOS\\Thiago\\API_NODEJS\\app\\model\\crop.model.ts": {"path":"D:\\REPOS\\Thiago\\API_NODEJS\\app\\model\\crop.model.ts","statementMap":{"0":{"start":{"line":1,"column":0},"end":{"line":1,"column":45}},"1":{"start":{"line":2,"column":0},"end":{"line":2,"column":81}},"2":{"start":{"line":3,"column":0},"end":{"line":3,"column":65}},"3":{"start":{"line":5,"column":0},"end":{"line":5,"column":45}},"4":{"start":{"line":10,"column":27},"end":{"line":10,"column":31}},"5":{"start":{"line":53,"column":9},"end":{"line":53,"column":13}},"6":{"start":{"line":13,"column":0},"end":{"line":37,"column":2}},"7":{"start":{"line":39,"column":0},"end":{"line":44,"column":3}},"8":{"start":{"line":46,"column":0},"end":{"line":51,"column":3}}},"fnMap":{},"branchMap":{},"s":{"0":1,"1":1,"2":1,"3":1,"4":0,"5":1,"6":1,"7":1,"8":1},"f":{},"b":{}}
,"D:\\REPOS\\Thiago\\API_NODEJS\\app\\model\\farm-crop.model.ts": {"path":"D:\\REPOS\\Thiago\\API_NODEJS\\app\\model\\farm-crop.model.ts","statementMap":{"0":{"start":{"line":1,"column":0},"end":{"line":1,"column":45}},"1":{"start":{"line":2,"column":0},"end":{"line":2,"column":81}},"2":{"start":{"line":3,"column":0},"end":{"line":3,"column":65}},"3":{"start":{"line":9,"column":27},"end":{"line":9,"column":31}},"4":{"start":{"line":6,"column":0},"end":{"line":6,"column":13}},"5":{"start":{"line":12,"column":0},"end":{"line":36,"column":2}}},"fnMap":{},"branchMap":{},"s":{"0":1,"1":1,"2":1,"3":0,"4":1,"5":1},"f":{},"b":{}}
,"D:\\REPOS\\Thiago\\API_NODEJS\\app\\model\\farm.model.ts": {"path":"D:\\REPOS\\Thiago\\API_NODEJS\\app\\model\\farm.model.ts","statementMap":{"0":{"start":{"line":1,"column":0},"end":{"line":1,"column":45}},"1":{"start":{"line":2,"column":0},"end":{"line":2,"column":81}},"2":{"start":{"line":3,"column":0},"end":{"line":3,"column":65}},"3":{"start":{"line":5,"column":0},"end":{"line":5,"column":45}},"4":{"start":{"line":89,"column":9},"end":{"line":89,"column":13}},"5":{"start":{"line":21,"column":0},"end":{"line":73,"column":2}},"6":{"start":{"line":75,"column":0},"end":{"line":80,"column":3}},"7":{"start":{"line":82,"column":0},"end":{"line":87,"column":3}}},"fnMap":{},"branchMap":{},"s":{"0":1,"1":1,"2":1,"3":1,"4":1,"5":1,"6":1,"7":1},"f":{},"b":{}}
,"D:\\REPOS\\Thiago\\API_NODEJS\\app\\repositories\\farm-crop.repository.ts": {"path":"D:\\REPOS\\Thiago\\API_NODEJS\\app\\repositories\\farm-crop.repository.ts","statementMap":{"0":{"start":{"line":1,"column":0},"end":{"line":1,"column":38}},"1":{"start":{"line":3,"column":0},"end":{"line":3,"column":52}},"2":{"start":{"line":4,"column":0},"end":{"line":4,"column":51}},"3":{"start":{"line":7,"column":31},"end":{"line":47,"column":null}},"4":{"start":{"line":9,"column":4},"end":{"line":9,"column":20}},"5":{"start":{"line":13,"column":4},"end":{"line":18,"column":null}},"6":{"start":{"line":14,"column":22},"end":{"line":14,"column":49}},"7":{"start":{"line":15,"column":6},"end":{"line":15,"column":21}},"8":{"start":{"line":17,"column":6},"end":{"line":17,"column":57}},"9":{"start":{"line":25,"column":4},"end":{"line":34,"column":null}},"10":{"start":{"line":26,"column":19},"end":{"line":26,"column":46}},"11":{"start":{"line":27,"column":6},"end":{"line":30,"column":null}},"12":{"start":{"line":28,"column":24},"end":{"line":28,"column":50}},"13":{"start":{"line":29,"column":8},"end":{"line":29,"column":23}},"14":{"start":{"line":31,"column":6},"end":{"line":31,"column":18}},"15":{"start":{"line":33,"column":6},"end":{"line":33,"column":66}},"16":{"start":{"line":38,"column":4},"end":{"line":45,"column":null}},"17":{"start":{"line":39,"column":19},"end":{"line":39,"column":46}},"18":{"start":{"line":40,"column":6},"end":{"line":42,"column":null}},"19":{"start":{"line":41,"column":8},"end":{"line":41,"column":29}},"20":{"start":{"line":44,"column":6},"end":{"line":44,"column":60}},"21":{"start":{"line":7,"column":13},"end":{"line":47,"column":null}}},"fnMap":{"0":{"name":"(anonymous_2)","decl":{"start":{"line":8,"column":2},"end":{"line":8,"column":null}},"loc":{"start":{"line":8,"column":2},"end":{"line":10,"column":3}}},"1":{"name":"(anonymous_3)","decl":{"start":{"line":12,"column":9},"end":{"line":12,"column":14}},"loc":{"start":{"line":12,"column":45},"end":{"line":19,"column":3}}},"2":{"name":"(anonymous_4)","decl":{"start":{"line":21,"column":9},"end":{"line":21,"column":14}},"loc":{"start":{"line":23,"column":30},"end":{"line":35,"column":3}}},"3":{"name":"(anonymous_5)","decl":{"start":{"line":37,"column":9},"end":{"line":37,"column":14}},"loc":{"start":{"line":37,"column":32},"end":{"line":46,"column":3}}}},"branchMap":{"0":{"loc":{"start":{"line":27,"column":6},"end":{"line":30,"column":null}},"type":"if","locations":[{"start":{"line":27,"column":6},"end":{"line":30,"column":null}}]},"1":{"loc":{"start":{"line":40,"column":6},"end":{"line":42,"column":null}},"type":"if","locations":[{"start":{"line":40,"column":6},"end":{"line":42,"column":null}}]}},"s":{"0":1,"1":1,"2":1,"3":1,"4":2,"5":0,"6":0,"7":0,"8":0,"9":0,"10":0,"11":0,"12":0,"13":0,"14":0,"15":0,"16":0,"17":0,"18":0,"19":0,"20":0,"21":1},"f":{"0":2,"1":0,"2":0,"3":0},"b":{"0":[0],"1":[0]}}
,"D:\\REPOS\\Thiago\\API_NODEJS\\app\\repositories\\farm.repository.ts": {"path":"D:\\REPOS\\Thiago\\API_NODEJS\\app\\repositories\\farm.repository.ts","statementMap":{"0":{"start":{"line":1,"column":0},"end":{"line":1,"column":34}},"1":{"start":{"line":3,"column":0},"end":{"line":3,"column":43}},"2":{"start":{"line":4,"column":0},"end":{"line":4,"column":51}},"3":{"start":{"line":8,"column":4},"end":{"line":8,"column":16}},"4":{"start":{"line":12,"column":4},"end":{"line":19,"column":null}},"5":{"start":{"line":13,"column":23},"end":{"line":15,"column":8}},"6":{"start":{"line":16,"column":6},"end":{"line":16,"column":22}},"7":{"start":{"line":18,"column":6},"end":{"line":18,"column":69}},"8":{"start":{"line":23,"column":4},"end":{"line":30,"column":null}},"9":{"start":{"line":24,"column":21},"end":{"line":26,"column":8}},"10":{"start":{"line":27,"column":6},"end":{"line":27,"column":28}},"11":{"start":{"line":29,"column":6},"end":{"line":29,"column":69}},"12":{"start":{"line":34,"column":4},"end":{"line":39,"column":null}},"13":{"start":{"line":35,"column":26},"end":{"line":35,"column":49}},"14":{"start":{"line":36,"column":6},"end":{"line":36,"column":25}},"15":{"start":{"line":38,"column":6},"end":{"line":38,"column":57}},"16":{"start":{"line":46,"column":4},"end":{"line":55,"column":null}},"17":{"start":{"line":47,"column":19},"end":{"line":47,"column":42}},"18":{"start":{"line":48,"column":6},"end":{"line":51,"column":null}},"19":{"start":{"line":49,"column":24},"end":{"line":49,"column":50}},"20":{"start":{"line":50,"column":8},"end":{"line":50,"column":23}},"21":{"start":{"line":52,"column":6},"end":{"line":52,"column":18}},"22":{"start":{"line":54,"column":6},"end":{"line":54,"column":66}},"23":{"start":{"line":59,"column":4},"end":{"line":66,"column":null}},"24":{"start":{"line":60,"column":19},"end":{"line":60,"column":42}},"25":{"start":{"line":61,"column":6},"end":{"line":63,"column":null}},"26":{"start":{"line":62,"column":8},"end":{"line":62,"column":29}},"27":{"start":{"line":65,"column":6},"end":{"line":65,"column":59}},"28":{"start":{"line":70,"column":4},"end":{"line":75,"column":null}},"29":{"start":{"line":71,"column":23},"end":{"line":71,"column":41}},"30":{"start":{"line":72,"column":6},"end":{"line":72,"column":22}},"31":{"start":{"line":74,"column":6},"end":{"line":74,"column":69}},"32":{"start":{"line":79,"column":4},"end":{"line":84,"column":null}},"33":{"start":{"line":80,"column":23},"end":{"line":80,"column":50}},"34":{"start":{"line":81,"column":6},"end":{"line":81,"column":22}},"35":{"start":{"line":83,"column":6},"end":{"line":83,"column":69}},"36":{"start":{"line":88,"column":4},"end":{"line":99,"column":null}},"37":{"start":{"line":89,"column":22},"end":{"line":95,"column":8}},"38":{"start":{"line":96,"column":6},"end":{"line":96,"column":21}},"39":{"start":{"line":98,"column":6},"end":{"line":98,"column":69}},"40":{"start":{"line":6,"column":0},"end":{"line":6,"column":13}}},"fnMap":{"0":{"name":"(anonymous_1)","decl":{"start":{"line":7,"column":2},"end":{"line":7,"column":null}},"loc":{"start":{"line":7,"column":2},"end":{"line":9,"column":3}}},"1":{"name":"(anonymous_2)","decl":{"start":{"line":11,"column":9},"end":{"line":11,"column":14}},"loc":{"start":{"line":11,"column":27},"end":{"line":20,"column":3}}},"2":{"name":"(anonymous_3)","decl":{"start":{"line":22,"column":9},"end":{"line":22,"column":14}},"loc":{"start":{"line":22,"column":39},"end":{"line":31,"column":3}}},"3":{"name":"(anonymous_4)","decl":{"start":{"line":33,"column":9},"end":{"line":33,"column":14}},"loc":{"start":{"line":33,"column":41},"end":{"line":40,"column":3}}},"4":{"name":"(anonymous_5)","decl":{"start":{"line":42,"column":9},"end":{"line":42,"column":14}},"loc":{"start":{"line":44,"column":27},"end":{"line":56,"column":3}}},"5":{"name":"(anonymous_6)","decl":{"start":{"line":58,"column":9},"end":{"line":58,"column":14}},"loc":{"start":{"line":58,"column":32},"end":{"line":67,"column":3}}},"6":{"name":"(anonymous_7)","decl":{"start":{"line":69,"column":9},"end":{"line":69,"column":14}},"loc":{"start":{"line":69,"column":28},"end":{"line":76,"column":3}}},"7":{"name":"(anonymous_8)","decl":{"start":{"line":78,"column":9},"end":{"line":78,"column":14}},"loc":{"start":{"line":78,"column":37},"end":{"line":85,"column":3}}},"8":{"name":"(anonymous_9)","decl":{"start":{"line":87,"column":9},"end":{"line":87,"column":14}},"loc":{"start":{"line":87,"column":35},"end":{"line":100,"column":3}}}},"branchMap":{"0":{"loc":{"start":{"line":48,"column":6},"end":{"line":51,"column":null}},"type":"if","locations":[{"start":{"line":48,"column":6},"end":{"line":51,"column":null}}]},"1":{"loc":{"start":{"line":61,"column":6},"end":{"line":63,"column":null}},"type":"if","locations":[{"start":{"line":61,"column":6},"end":{"line":63,"column":null}}]}},"s":{"0":1,"1":1,"2":1,"3":2,"4":0,"5":0,"6":0,"7":0,"8":0,"9":0,"10":0,"11":0,"12":0,"13":0,"14":0,"15":0,"16":0,"17":0,"18":0,"19":0,"20":0,"21":0,"22":0,"23":0,"24":0,"25":0,"26":0,"27":0,"28":0,"29":0,"30":0,"31":0,"32":0,"33":0,"34":0,"35":0,"36":0,"37":0,"38":0,"39":0,"40":1},"f":{"0":2,"1":0,"2":0,"3":0,"4":0,"5":0,"6":0,"7":0,"8":0},"b":{"0":[0],"1":[0]}}
,"D:\\REPOS\\Thiago\\API_NODEJS\\app\\repositories\\repository-base.ts": {"path":"D:\\REPOS\\Thiago\\API_NODEJS\\app\\repositories\\repository-base.ts","statementMap":{"0":{"start":{"line":10,"column":4},"end":{"line":10,"column":23}},"1":{"start":{"line":14,"column":4},"end":{"line":19,"column":null}},"2":{"start":{"line":15,"column":23},"end":{"line":15,"column":49}},"3":{"start":{"line":16,"column":6},"end":{"line":16,"column":22}},"4":{"start":{"line":18,"column":6},"end":{"line":18,"column":69}},"5":{"start":{"line":23,"column":4},"end":{"line":28,"column":null}},"6":{"start":{"line":24,"column":21},"end":{"line":24,"column":50}},"7":{"start":{"line":25,"column":6},"end":{"line":25,"column":20}},"8":{"start":{"line":27,"column":6},"end":{"line":27,"column":71}},"9":{"start":{"line":3,"column":0},"end":{"line":3,"column":13}}},"fnMap":{"0":{"name":"(anonymous_0)","decl":{"start":{"line":9,"column":2},"end":{"line":9,"column":14}},"loc":{"start":{"line":9,"column":35},"end":{"line":11,"column":3}}},"1":{"name":"(anonymous_1)","decl":{"start":{"line":13,"column":9},"end":{"line":13,"column":14}},"loc":{"start":{"line":13,"column":21},"end":{"line":20,"column":3}}},"2":{"name":"(anonymous_2)","decl":{"start":{"line":22,"column":9},"end":{"line":22,"column":14}},"loc":{"start":{"line":22,"column":33},"end":{"line":29,"column":3}}}},"branchMap":{},"s":{"0":4,"1":0,"2":0,"3":0,"4":0,"5":0,"6":0,"7":0,"8":0,"9":1},"f":{"0":4,"1":0,"2":0},"b":{}}
,"D:\\REPOS\\Thiago\\API_NODEJS\\test\\helper\\mock-helper.ts": {"path":"D:\\REPOS\\Thiago\\API_NODEJS\\test\\helper\\mock-helper.ts","statementMap":{"0":{"start":{"line":3,"column":4},"end":{"line":7,"column":6}},"1":{"start":{"line":11,"column":4},"end":{"line":11,"column":37}},"2":{"start":{"line":15,"column":4},"end":{"line":27,"column":6}},"3":{"start":{"line":31,"column":4},"end":{"line":31,"column":37}},"4":{"start":{"line":1,"column":0},"end":{"line":1,"column":13}}},"fnMap":{"0":{"name":"(anonymous_0)","decl":{"start":{"line":2,"column":9},"end":{"line":2,"column":16}},"loc":{"start":{"line":2,"column":16},"end":{"line":8,"column":3}}},"1":{"name":"(anonymous_1)","decl":{"start":{"line":10,"column":9},"end":{"line":10,"column":20}},"loc":{"start":{"line":10,"column":20},"end":{"line":12,"column":3}}},"2":{"name":"(anonymous_2)","decl":{"start":{"line":14,"column":9},"end":{"line":14,"column":16}},"loc":{"start":{"line":14,"column":16},"end":{"line":28,"column":3}}},"3":{"name":"(anonymous_3)","decl":{"start":{"line":30,"column":9},"end":{"line":30,"column":20}},"loc":{"start":{"line":30,"column":20},"end":{"line":32,"column":3}}}},"branchMap":{},"s":{"0":0,"1":0,"2":2,"3":1,"4":1},"f":{"0":0,"1":0,"2":2,"3":1},"b":{}}
}
